{"meta": {"format": 3, "version": "7.13.5", "timestamp": "2026-04-30T17:23:51.756573", "branch_coverage": false, "show_contexts": false}, "files": {"app/__init__.py": {"executed_lines": [], "summary": {"covered_lines": 0, "num_statements": 0, "percent_covered": 100.0, "percent_covered_display": "100.00", "missing_lines": 0, "excluded_lines": 0, "percent_statements_covered": 100.0, "percent_statements_covered_display": "100.00"}, "missing_lines": [], "excluded_lines": [], "functions": {"": {"executed_lines": [], "summary": {"covered_lines": 0, "num_statements": 0, "percent_covered": 100.0, "percent_covered_display": "100.00", "missing_lines": 0, "excluded_lines": 0, "percent_statements_covered": 100.0, "percent_statements_covered_display": "100.00"}, "missing_lines": [], "excluded_lines": [], "start_line": 1}}, "classes": {"": {"executed_lines": [], "summary": {"covered_lines": 0, "num_statements": 0, "percent_covered": 100.0, "percent_covered_display": "100.00", "missing_lines": 0, "excluded_lines": 0, "percent_statements_covered": 100.0, "percent_statements_covered_display": "100.00"}, "missing_lines": [], "excluded_lines": [], "start_line": 1}}}, "app/auth.py": {"executed_lines": [1, 2, 3, 5, 6, 7, 8, 9, 10, 11, 13, 15, 16, 18, 24, 27, 28, 30, 31, 32, 33, 34, 37, 38, 41, 42, 45, 46, 49, 50, 51, 52, 53, 54, 57, 61, 66, 67, 68, 69, 70, 72, 73, 74, 76, 77, 79, 82, 83, 88], "summary": {"covered_lines": 50, "num_statements": 54, "percent_covered": 92.5925925925926, "percent_covered_display": "92.59", "missing_lines": 4, "excluded_lines": 0, "percent_statements_covered": 92.5925925925926, "percent_statements_covered_display": "92.59"}, "missing_lines": [19, 71, 78, 84], "excluded_lines": [], "functions": {"verify_password": {"executed_lines": [42], "summary": {"covered_lines": 1, "num_statements": 1, "percent_covered": 100.0, "percent_covered_display": "100.00", "missing_lines": 0, "excluded_lines": 0, "percent_statements_covered": 100.0, "percent_statements_covered_display": "100.00"}, "missing_lines": [], "excluded_lines": [], "start_line": 41}, "get_password_hash": {"executed_lines": [46], "summary": {"covered_lines": 1, "num_statements": 1, "percent_covered": 100.0, "percent_covered_display": "100.00", "missing_lines": 0, "excluded_lines": 0, "percent_statements_covered": 100.0, "percent_statements_covered_display": "100.00"}, "missing_lines": [], "excluded_lines": [], "start_line": 45}, "create_access_token": {"executed_lines": [50, 51, 52, 53, 54], "summary": {"covered_lines": 5, "num_statements": 5, "percent_covered": 100.0, "percent_covered_display": "100.00", "missing_lines": 0, "excluded_lines": 0, "percent_statements_covered": 100.0, "percent_statements_covered_display": "100.00"}, "missing_lines": [], "excluded_lines": [], "start_line": 49}, "get_current_user": {"executed_lines": [61, 66, 67, 68, 69, 70, 72, 73, 74, 76, 77, 79], "summary": {"covered_lines": 12, "num_statements": 14, "percent_covered": 85.71428571428571, "percent_covered_display": "85.71", "missing_lines": 2, "excluded_lines": 0, "percent_statements_covered": 85.71428571428571, "percent_statements_covered_display": "85.71"}, "missing_lines": [71, 78], "excluded_lines": [], "start_line": 57}, "get_current_admin": {"executed_lines": [83, 88], "summary": {"covered_lines": 2, "num_statements": 3, "percent_covered": 66.66666666666667, "percent_covered_display": "66.67", "missing_lines": 1, "excluded_lines": 0, "percent_statements_covered": 66.66666666666667, "percent_statements_covered_display": "66.67"}, "missing_lines": [84], "excluded_lines": [], "start_line": 82}, "": {"executed_lines": [1, 2, 3, 5, 6, 7, 8, 9, 10, 11, 13, 15, 16, 18, 24, 27, 28, 30, 31, 32, 33, 34, 37, 38, 41, 45, 49, 57, 82], "summary": {"covered_lines": 29, "num_statements": 30, "percent_covered": 96.66666666666667, "percent_covered_display": "96.67", "missing_lines": 1, "excluded_lines": 0, "percent_statements_covered": 96.66666666666667, "percent_statements_covered_display": "96.67"}, "missing_lines": [19], "excluded_lines": [], "start_line": 1}}, "classes": {"User": {"executed_lines": [], "summary": {"covered_lines": 0, "num_statements": 0, "percent_covered": 100.0, "percent_covered_display": "100.00", "missing_lines": 0, "excluded_lines": 0, "percent_statements_covered": 100.0, "percent_statements_covered_display": "100.00"}, "missing_lines": [], "excluded_lines": [], "start_line": 27}, "TokenData": {"executed_lines": [], "summary": {"covered_lines": 0, "num_statements": 0, "percent_covered": 100.0, "percent_covered_display": "100.00", "missing_lines": 0, "excluded_lines": 0, "percent_statements_covered": 100.0, "percent_statements_covered_display": "100.00"}, "missing_lines": [], "excluded_lines": [], "start_line": 37}, "": {"executed_lines": [1, 2, 3, 5, 6, 7, 8, 9, 10, 11, 13, 15, 16, 18, 24, 27, 28, 30, 31, 32, 33, 34, 37, 38, 41, 42, 45, 46, 49, 50, 51, 52, 53, 54, 57, 61, 66, 67, 68, 69, 70, 72, 73, 74, 76, 77, 79, 82, 83, 88], "summary": {"covered_lines": 50, "num_statements": 54, "percent_covered": 92.5925925925926, "percent_covered_display": "92.59", "missing_lines": 4, "excluded_lines": 0, "percent_statements_covered": 92.5925925925926, "percent_statements_covered_display": "92.59"}, "missing_lines": [19, 71, 78, 84], "excluded_lines": [], "start_line": 1}}}, "app/cache.py": {"executed_lines": [3, 4, 5, 7, 9, 11, 14, 15, 16, 17, 18, 21, 23, 24, 25, 26, 27, 28, 31, 33, 34, 35, 38, 40, 41, 44, 46, 47, 50, 52, 53, 56, 57, 60, 86, 88], "summary": {"covered_lines": 36, "num_statements": 49, "percent_covered": 73.46938775510205, "percent_covered_display": "73.47", "missing_lines": 13, "excluded_lines": 0, "percent_statements_covered": 73.46938775510205, "percent_statements_covered_display": "73.47"}, "missing_lines": [63, 64, 65, 67, 70, 71, 72, 75, 76, 77, 79, 81, 83], "excluded_lines": [], "functions": {"cache_clear": {"executed_lines": [23, 24, 25, 26, 27, 28], "summary": {"covered_lines": 6, "num_statements": 6, "percent_covered": 100.0, "percent_covered_display": "100.00", "missing_lines": 0, "excluded_lines": 0, "percent_statements_covered": 100.0, "percent_statements_covered_display": "100.00"}, "missing_lines": [], "excluded_lines": [], "start_line": 21}, "clear_posts_cache": {"executed_lines": [33, 34, 35], "summary": {"covered_lines": 3, "num_statements": 3, "percent_covered": 100.0, "percent_covered_display": "100.00", "missing_lines": 0, "excluded_lines": 0, "percent_statements_covered": 100.0, "percent_statements_covered_display": "100.00"}, "missing_lines": [], "excluded_lines": [], "start_line": 31}, "clear_categories_cache": {"executed_lines": [40, 41], "summary": {"covered_lines": 2, "num_statements": 2, "percent_covered": 100.0, "percent_covered_display": "100.00", "missing_lines": 0, "excluded_lines": 0, "percent_statements_covered": 100.0, "percent_statements_covered_display": "100.00"}, "missing_lines": [], "excluded_lines": [], "start_line": 38}, "clear_tags_cache": {"executed_lines": [46, 47], "summary": {"covered_lines": 2, "num_statements": 2, "percent_covered": 100.0, "percent_covered_display": "100.00", "missing_lines": 0, "excluded_lines": 0, "percent_statements_covered": 100.0, "percent_statements_covered_display": "100.00"}, "missing_lines": [], "excluded_lines": [], "start_line": 44}, "clear_stats_cache": {"executed_lines": [52, 53], "summary": {"covered_lines": 2, "num_statements": 2, "percent_covered": 100.0, "percent_covered_display": "100.00", "missing_lines": 0, "excluded_lines": 0, "percent_statements_covered": 100.0, "percent_statements_covered_display": "100.00"}, "missing_lines": [], "excluded_lines": [], "start_line": 50}, "cached": {"executed_lines": [], "summary": {"covered_lines": 0, "num_statements": 3, "percent_covered": 0.0, "percent_covered_display": "0.00", "missing_lines": 3, "excluded_lines": 0, "percent_statements_covered": 0.0, "percent_statements_covered_display": "0.00"}, "missing_lines": [63, 64, 83], "excluded_lines": [], "start_line": 60}, "cached.decorator": {"executed_lines": [], "summary": {"covered_lines": 0, "num_statements": 2, "percent_covered": 0.0, "percent_covered_display": "0.00", "missing_lines": 2, "excluded_lines": 0, "percent_statements_covered": 0.0, "percent_statements_covered_display": "0.00"}, "missing_lines": [65, 81], "excluded_lines": [], "start_line": 63}, "cached.decorator.wrapper": {"executed_lines": [], "summary": {"covered_lines": 0, "num_statements": 8, "percent_covered": 0.0, "percent_covered_display": "0.00", "missing_lines": 8, "excluded_lines": 0, "percent_statements_covered": 0.0, "percent_statements_covered_display": "0.00"}, "missing_lines": [67, 70, 71, 72, 75, 76, 77, 79], "excluded_lines": [], "start_line": 65}, "get_cache_info": {"executed_lines": [88], "summary": {"covered_lines": 1, "num_statements": 1, "percent_covered": 100.0, "percent_covered_display": "100.00", "missing_lines": 0, "excluded_lines": 0, "percent_statements_covered": 100.0, "percent_statements_covered_display": "100.00"}, "missing_lines": [], "excluded_lines": [], "start_line": 86}, "": {"executed_lines": [3, 4, 5, 7, 9, 11, 14, 15, 16, 17, 18, 21, 31, 38, 44, 50, 56, 57, 60, 86], "summary": {"covered_lines": 20, "num_statements": 20, "percent_covered": 100.0, "percent_covered_display": "100.00", "missing_lines": 0, "excluded_lines": 0, "percent_statements_covered": 100.0, "percent_statements_covered_display": "100.00"}, "missing_lines": [], "excluded_lines": [], "start_line": 1}}, "classes": {"": {"executed_lines": [3, 4, 5, 7, 9, 11, 14, 15, 16, 17, 18, 21, 23, 24, 25, 26, 27, 28, 31, 33, 34, 35, 38, 40, 41, 44, 46, 47, 50, 52, 53, 56, 57, 60, 86, 88], "summary": {"covered_lines": 36, "num_statements": 49, "percent_covered": 73.46938775510205, "percent_covered_display": "73.47", "missing_lines": 13, "excluded_lines": 0, "percent_statements_covered": 73.46938775510205, "percent_statements_covered_display": "73.47"}, "missing_lines": [63, 64, 65, 67, 70, 71, 72, 75, 76, 77, 79, 81, 83], "excluded_lines": [], "start_line": 1}}}, "app/config.py": {"executed_lines": [1, 4, 5, 6, 7, 8, 9, 10, 13], "summary": {"covered_lines": 9, "num_statements": 9, "percent_covered": 100.0, "percent_covered_display": "100.00", "missing_lines": 0, "excluded_lines": 0, "percent_statements_covered": 100.0, "percent_statements_covered_display": "100.00"}, "missing_lines": [], "excluded_lines": [], "functions": {"": {"executed_lines": [1, 4, 5, 6, 7, 8, 9, 10, 13], "summary": {"covered_lines": 9, "num_statements": 9, "percent_covered": 100.0, "percent_covered_display": "100.00", "missing_lines": 0, "excluded_lines": 0, "percent_statements_covered": 100.0, "percent_statements_covered_display": "100.00"}, "missing_lines": [], "excluded_lines": [], "start_line": 1}}, "classes": {"Settings": {"executed_lines": [], "summary": {"covered_lines": 0, "num_statements": 0, "percent_covered": 100.0, "percent_covered_display": "100.00", "missing_lines": 0, "excluded_lines": 0, "percent_statements_covered": 100.0, "percent_statements_covered_display": "100.00"}, "missing_lines": [], "excluded_lines": [], "start_line": 4}, "": {"executed_lines": [1, 4, 5, 6, 7, 8, 9, 10, 13], "summary": {"covered_lines": 9, "num_statements": 9, "percent_covered": 100.0, "percent_covered_display": "100.00", "missing_lines": 0, "excluded_lines": 0, "percent_statements_covered": 100.0, "percent_statements_covered_display": "100.00"}, "missing_lines": [], "excluded_lines": [], "start_line": 1}}}, "app/crud.py": {"executed_lines": [1, 2, 4, 5, 8, 16, 18, 19, 21, 22, 24, 25, 28, 31, 37, 38, 41, 42, 53, 54, 65, 66, 67, 68, 69, 72, 73, 74, 75, 76, 77, 78, 79, 81, 90, 91, 92, 93, 94, 100, 101, 103, 106, 107, 108, 109, 111, 113, 114, 115, 118, 129, 130, 132, 133, 134, 140, 141, 143, 146, 147, 148, 149, 150, 151, 154, 156, 159, 161, 162, 163, 166, 169, 170, 173, 174, 177, 178, 179, 180, 181, 183, 184, 187, 188, 189, 190, 191, 192, 193, 195, 196, 199, 200, 201, 203, 204, 206, 207, 210, 212, 213, 214, 217, 220, 221, 224, 225, 228, 229, 232, 233, 234, 235, 236, 238, 239, 242, 243, 244, 245, 246, 247, 249, 250, 253, 254, 255, 256, 257, 259, 260, 264, 265, 273, 284, 289, 290, 292, 295, 301, 310, 311, 312, 313, 316, 318, 319, 321, 322, 323, 324, 327, 337, 342, 343, 344, 346, 347, 348, 351, 352, 354, 356, 374, 376, 386, 388, 391, 393, 394, 395, 396, 397, 398, 399, 402, 404, 405, 406, 407, 408, 409, 410, 413, 415, 428, 433, 434, 436, 440, 441, 442, 453, 457, 460, 462, 470, 484, 499, 504, 507], "summary": {"covered_lines": 202, "num_statements": 225, "percent_covered": 89.77777777777777, "percent_covered_display": "89.78", "missing_lines": 23, "excluded_lines": 2, "percent_statements_covered": 89.77777777777777, "percent_statements_covered_display": "89.78"}, "missing_lines": [95, 96, 97, 119, 120, 121, 122, 123, 124, 125, 126, 127, 135, 136, 137, 202, 261, 320, 329, 339, 345, 485, 491], "excluded_lines": [70, 116], "functions": {"get_posts": {"executed_lines": [16, 18, 19, 21, 22, 24, 25, 28, 31, 37, 38], "summary": {"covered_lines": 11, "num_statements": 11, "percent_covered": 100.0, "percent_covered_display": "100.00", "missing_lines": 0, "excluded_lines": 0, "percent_statements_covered": 100.0, "percent_statements_covered_display": "100.00"}, "missing_lines": [], "excluded_lines": [], "start_line": 8}, "get_post": {"executed_lines": [42], "summary": {"covered_lines": 1, "num_statements": 1, "percent_covered": 100.0, "percent_covered_display": "100.00", "missing_lines": 0, "excluded_lines": 0, "percent_statements_covered": 100.0, "percent_statements_covered_display": "100.00"}, "missing_lines": [], "excluded_lines": [], "start_line": 41}, "get_post_by_slug": {"executed_lines": [54], "summary": {"covered_lines": 1, "num_statements": 1, "percent_covered": 100.0, "percent_covered_display": "100.00", "missing_lines": 0, "excluded_lines": 0, "percent_statements_covered": 100.0, "percent_statements_covered_display": "100.00"}, "missing_lines": [], "excluded_lines": [], "start_line": 53}, "create_post": {"executed_lines": [66, 67, 68, 69, 72, 73, 74, 75, 76, 77, 78, 79, 81, 90, 91, 92, 93, 94, 100, 101, 103], "summary": {"covered_lines": 21, "num_statements": 24, "percent_covered": 87.5, "percent_covered_display": "87.50", "missing_lines": 3, "excluded_lines": 1, "percent_statements_covered": 87.5, "percent_statements_covered_display": "87.50"}, "missing_lines": [95, 96, 97], "excluded_lines": [70], "start_line": 65}, "update_post": {"executed_lines": [107, 108, 109, 111, 113, 114, 115, 118, 129, 130, 132, 133, 134, 140, 141, 143], "summary": {"covered_lines": 16, "num_statements": 28, "percent_covered": 57.142857142857146, "percent_covered_display": "57.14", "missing_lines": 12, "excluded_lines": 1, "percent_statements_covered": 57.142857142857146, "percent_statements_covered_display": "57.14"}, "missing_lines": [119, 120, 121, 122, 123, 124, 125, 126, 127, 135, 136, 137], "excluded_lines": [116], "start_line": 106}, "delete_post": {"executed_lines": [147, 148, 149, 150, 151, 154, 156], "summary": {"covered_lines": 7, "num_statements": 7, "percent_covered": 100.0, "percent_covered_display": "100.00", "missing_lines": 0, "excluded_lines": 0, "percent_statements_covered": 100.0, "percent_statements_covered_display": "100.00"}, "missing_lines": [], "excluded_lines": [], "start_line": 146}, "get_categories": {"executed_lines": [161, 162, 163, 166, 169, 170], "summary": {"covered_lines": 6, "num_statements": 6, "percent_covered": 100.0, "percent_covered_display": "100.00", "missing_lines": 0, "excluded_lines": 0, "percent_statements_covered": 100.0, "percent_statements_covered_display": "100.00"}, "missing_lines": [], "excluded_lines": [], "start_line": 159}, "get_category": {"executed_lines": [174], "summary": {"covered_lines": 1, "num_statements": 1, "percent_covered": 100.0, "percent_covered_display": "100.00", "missing_lines": 0, "excluded_lines": 0, "percent_statements_covered": 100.0, "percent_statements_covered_display": "100.00"}, "missing_lines": [], "excluded_lines": [], "start_line": 173}, "create_category": {"executed_lines": [178, 179, 180, 181, 183, 184], "summary": {"covered_lines": 6, "num_statements": 6, "percent_covered": 100.0, "percent_covered_display": "100.00", "missing_lines": 0, "excluded_lines": 0, "percent_statements_covered": 100.0, "percent_statements_covered_display": "100.00"}, "missing_lines": [], "excluded_lines": [], "start_line": 177}, "update_category": {"executed_lines": [188, 189, 190, 191, 192, 193, 195, 196], "summary": {"covered_lines": 8, "num_statements": 8, "percent_covered": 100.0, "percent_covered_display": "100.00", "missing_lines": 0, "excluded_lines": 0, "percent_statements_covered": 100.0, "percent_statements_covered_display": "100.00"}, "missing_lines": [], "excluded_lines": [], "start_line": 187}, "delete_category": {"executed_lines": [200, 201, 203, 204, 206, 207], "summary": {"covered_lines": 6, "num_statements": 7, "percent_covered": 85.71428571428571, "percent_covered_display": "85.71", "missing_lines": 1, "excluded_lines": 0, "percent_statements_covered": 85.71428571428571, "percent_statements_covered_display": "85.71"}, "missing_lines": [202], "excluded_lines": [], "start_line": 199}, "get_tags": {"executed_lines": [212, 213, 214, 217, 220, 221], "summary": {"covered_lines": 6, "num_statements": 6, "percent_covered": 100.0, "percent_covered_display": "100.00", "missing_lines": 0, "excluded_lines": 0, "percent_statements_covered": 100.0, "percent_statements_covered_display": "100.00"}, "missing_lines": [], "excluded_lines": [], "start_line": 210}, "get_tag": {"executed_lines": [225], "summary": {"covered_lines": 1, "num_statements": 1, "percent_covered": 100.0, "percent_covered_display": "100.00", "missing_lines": 0, "excluded_lines": 0, "percent_statements_covered": 100.0, "percent_statements_covered_display": "100.00"}, "missing_lines": [], "excluded_lines": [], "start_line": 224}, "get_tag_by_name": {"executed_lines": [229], "summary": {"covered_lines": 1, "num_statements": 1, "percent_covered": 100.0, "percent_covered_display": "100.00", "missing_lines": 0, "excluded_lines": 0, "percent_statements_covered": 100.0, "percent_statements_covered_display": "100.00"}, "missing_lines": [], "excluded_lines": [], "start_line": 228}, "create_tag": {"executed_lines": [233, 234, 235, 236, 238, 239], "summary": {"covered_lines": 6, "num_statements": 6, "percent_covered": 100.0, "percent_covered_display": "100.00", "missing_lines": 0, "excluded_lines": 0, "percent_statements_covered": 100.0, "percent_statements_covered_display": "100.00"}, "missing_lines": [], "excluded_lines": [], "start_line": 232}, "update_tag": {"executed_lines": [243, 244, 245, 246, 247, 249, 250], "summary": {"covered_lines": 7, "num_statements": 7, "percent_covered": 100.0, "percent_covered_display": "100.00", "missing_lines": 0, "excluded_lines": 0, "percent_statements_covered": 100.0, "percent_statements_covered_display": "100.00"}, "missing_lines": [], "excluded_lines": [], "start_line": 242}, "delete_tag": {"executed_lines": [254, 255, 256, 257, 259, 260], "summary": {"covered_lines": 6, "num_statements": 7, "percent_covered": 85.71428571428571, "percent_covered_display": "85.71", "missing_lines": 1, "excluded_lines": 0, "percent_statements_covered": 85.71428571428571, "percent_statements_covered_display": "85.71"}, "missing_lines": [261], "excluded_lines": [], "start_line": 253}, "get_comments": {"executed_lines": [265], "summary": {"covered_lines": 1, "num_statements": 1, "percent_covered": 100.0, "percent_covered_display": "100.00", "missing_lines": 0, "excluded_lines": 0, "percent_statements_covered": 100.0, "percent_statements_covered_display": "100.00"}, "missing_lines": [], "excluded_lines": [], "start_line": 264}, "get_comments_paginated": {"executed_lines": [284, 289, 290, 292], "summary": {"covered_lines": 4, "num_statements": 4, "percent_covered": 100.0, "percent_covered_display": "100.00", "missing_lines": 0, "excluded_lines": 0, "percent_statements_covered": 100.0, "percent_statements_covered_display": "100.00"}, "missing_lines": [], "excluded_lines": [], "start_line": 273}, "create_comment": {"executed_lines": [301, 310, 311, 312, 313], "summary": {"covered_lines": 5, "num_statements": 5, "percent_covered": 100.0, "percent_covered_display": "100.00", "missing_lines": 0, "excluded_lines": 0, "percent_statements_covered": 100.0, "percent_statements_covered_display": "100.00"}, "missing_lines": [], "excluded_lines": [], "start_line": 295}, "approve_comment": {"executed_lines": [318, 319, 321, 322, 323, 324], "summary": {"covered_lines": 6, "num_statements": 7, "percent_covered": 85.71428571428571, "percent_covered_display": "85.71", "missing_lines": 1, "excluded_lines": 0, "percent_statements_covered": 85.71428571428571, "percent_statements_covered_display": "85.71"}, "missing_lines": [320], "excluded_lines": [], "start_line": 316}, "get_pending_comments": {"executed_lines": [], "summary": {"covered_lines": 0, "num_statements": 1, "percent_covered": 0.0, "percent_covered_display": "0.00", "missing_lines": 1, "excluded_lines": 0, "percent_statements_covered": 0.0, "percent_statements_covered_display": "0.00"}, "missing_lines": [329], "excluded_lines": [], "start_line": 327}, "get_all_comments": {"executed_lines": [], "summary": {"covered_lines": 0, "num_statements": 1, "percent_covered": 0.0, "percent_covered_display": "0.00", "missing_lines": 1, "excluded_lines": 0, "percent_statements_covered": 0.0, "percent_statements_covered_display": "0.00"}, "missing_lines": [339], "excluded_lines": [], "start_line": 337}, "delete_comment": {"executed_lines": [343, 344, 346, 347, 348], "summary": {"covered_lines": 5, "num_statements": 6, "percent_covered": 83.33333333333333, "percent_covered_display": "83.33", "missing_lines": 1, "excluded_lines": 0, "percent_statements_covered": 83.33333333333333, "percent_statements_covered_display": "83.33"}, "missing_lines": [345], "excluded_lines": [], "start_line": 342}, "search_posts": {"executed_lines": [352, 354, 356, 374, 376, 386, 388], "summary": {"covered_lines": 7, "num_statements": 7, "percent_covered": 100.0, "percent_covered_display": "100.00", "missing_lines": 0, "excluded_lines": 0, "percent_statements_covered": 100.0, "percent_statements_covered_display": "100.00"}, "missing_lines": [], "excluded_lines": [], "start_line": 351}, "increment_views": {"executed_lines": [393, 394, 395, 396, 397, 398, 399], "summary": {"covered_lines": 7, "num_statements": 7, "percent_covered": 100.0, "percent_covered_display": "100.00", "missing_lines": 0, "excluded_lines": 0, "percent_statements_covered": 100.0, "percent_statements_covered_display": "100.00"}, "missing_lines": [], "excluded_lines": [], "start_line": 391}, "increment_likes": {"executed_lines": [404, 405, 406, 407, 408, 409, 410], "summary": {"covered_lines": 7, "num_statements": 7, "percent_covered": 100.0, "percent_covered_display": "100.00", "missing_lines": 0, "excluded_lines": 0, "percent_statements_covered": 100.0, "percent_statements_covered_display": "100.00"}, "missing_lines": [], "excluded_lines": [], "start_line": 402}, "get_popular_posts": {"executed_lines": [415], "summary": {"covered_lines": 1, "num_statements": 1, "percent_covered": 100.0, "percent_covered_display": "100.00", "missing_lines": 0, "excluded_lines": 0, "percent_statements_covered": 100.0, "percent_statements_covered_display": "100.00"}, "missing_lines": [], "excluded_lines": [], "start_line": 413}, "get_related_posts": {"executed_lines": [433, 434, 436, 440, 441, 442, 453, 457, 460, 462, 470, 484, 499, 504, 507], "summary": {"covered_lines": 15, "num_statements": 17, "percent_covered": 88.23529411764706, "percent_covered_display": "88.24", "missing_lines": 2, "excluded_lines": 0, "percent_statements_covered": 88.23529411764706, "percent_statements_covered_display": "88.24"}, "missing_lines": [485, 491], "excluded_lines": [], "start_line": 428}, "": {"executed_lines": [1, 2, 4, 5, 8, 41, 53, 65, 106, 146, 159, 173, 177, 187, 199, 210, 224, 228, 232, 242, 253, 264, 273, 295, 316, 327, 337, 342, 351, 391, 402, 413, 428], "summary": {"covered_lines": 33, "num_statements": 33, "percent_covered": 100.0, "percent_covered_display": "100.00", "missing_lines": 0, "excluded_lines": 0, "percent_statements_covered": 100.0, "percent_statements_covered_display": "100.00"}, "missing_lines": [], "excluded_lines": [], "start_line": 1}}, "classes": {"": {"executed_lines": [1, 2, 4, 5, 8, 16, 18, 19, 21, 22, 24, 25, 28, 31, 37, 38, 41, 42, 53, 54, 65, 66, 67, 68, 69, 72, 73, 74, 75, 76, 77, 78, 79, 81, 90, 91, 92, 93, 94, 100, 101, 103, 106, 107, 108, 109, 111, 113, 114, 115, 118, 129, 130, 132, 133, 134, 140, 141, 143, 146, 147, 148, 149, 150, 151, 154, 156, 159, 161, 162, 163, 166, 169, 170, 173, 174, 177, 178, 179, 180, 181, 183, 184, 187, 188, 189, 190, 191, 192, 193, 195, 196, 199, 200, 201, 203, 204, 206, 207, 210, 212, 213, 214, 217, 220, 221, 224, 225, 228, 229, 232, 233, 234, 235, 236, 238, 239, 242, 243, 244, 245, 246, 247, 249, 250, 253, 254, 255, 256, 257, 259, 260, 264, 265, 273, 284, 289, 290, 292, 295, 301, 310, 311, 312, 313, 316, 318, 319, 321, 322, 323, 324, 327, 337, 342, 343, 344, 346, 347, 348, 351, 352, 354, 356, 374, 376, 386, 388, 391, 393, 394, 395, 396, 397, 398, 399, 402, 404, 405, 406, 407, 408, 409, 410, 413, 415, 428, 433, 434, 436, 440, 441, 442, 453, 457, 460, 462, 470, 484, 499, 504, 507], "summary": {"covered_lines": 202, "num_statements": 225, "percent_covered": 89.77777777777777, "percent_covered_display": "89.78", "missing_lines": 23, "excluded_lines": 2, "percent_statements_covered": 89.77777777777777, "percent_statements_covered_display": "89.78"}, "missing_lines": [95, 96, 97, 119, 120, 121, 122, 123, 124, 125, 126, 127, 135, 136, 137, 202, 261, 320, 329, 339, 345, 485, 491], "excluded_lines": [70, 116], "start_line": 1}}}, "app/database.py": {"executed_lines": [1, 2, 4, 6, 7, 8, 11], "summary": {"covered_lines": 7, "num_statements": 11, "percent_covered": 63.63636363636363, "percent_covered_display": "63.64", "missing_lines": 4, "excluded_lines": 0, "percent_statements_covered": 63.63636363636363, "percent_statements_covered_display": "63.64"}, "missing_lines": [12, 13, 14, 16], "excluded_lines": [], "functions": {"get_db": {"executed_lines": [], "summary": {"covered_lines": 0, "num_statements": 4, "percent_covered": 0.0, "percent_covered_display": "0.00", "missing_lines": 4, "excluded_lines": 0, "percent_statements_covered": 0.0, "percent_statements_covered_display": "0.00"}, "missing_lines": [12, 13, 14, 16], "excluded_lines": [], "start_line": 11}, "": {"executed_lines": [1, 2, 4, 6, 7, 8, 11], "summary": {"covered_lines": 7, "num_statements": 7, "percent_covered": 100.0, "percent_covered_display": "100.00", "missing_lines": 0, "excluded_lines": 0, "percent_statements_covered": 100.0, "percent_statements_covered_display": "100.00"}, "missing_lines": [], "excluded_lines": [], "start_line": 1}}, "classes": {"": {"executed_lines": [1, 2, 4, 6, 7, 8, 11], "summary": {"covered_lines": 7, "num_statements": 11, "percent_covered": 63.63636363636363, "percent_covered_display": "63.64", "missing_lines": 4, "excluded_lines": 0, "percent_statements_covered": 63.63636363636363, "percent_statements_covered_display": "63.64"}, "missing_lines": [12, 13, 14, 16], "excluded_lines": [], "start_line": 1}}}, "app/exceptions.py": {"executed_lines": [3, 4, 7, 11, 12, 15, 16, 17, 18, 19, 22, 23, 24, 25, 28, 29, 32, 33, 34, 37, 38, 39, 42, 45, 52, 53, 54, 55, 56, 58, 60, 67, 70, 76, 77, 78, 79, 87, 90, 95, 103, 106, 111, 119, 122, 127, 135, 138, 145], "summary": {"covered_lines": 49, "num_statements": 49, "percent_covered": 100.0, "percent_covered_display": "100.00", "missing_lines": 0, "excluded_lines": 0, "percent_statements_covered": 100.0, "percent_statements_covered_display": "100.00"}, "missing_lines": [], "excluded_lines": [], "functions": {"AppException.__init__": {"executed_lines": [52, 53, 54, 55, 56], "summary": {"covered_lines": 5, "num_statements": 5, "percent_covered": 100.0, "percent_covered_display": "100.00", "missing_lines": 0, "excluded_lines": 0, "percent_statements_covered": 100.0, "percent_statements_covered_display": "100.00"}, "missing_lines": [], "excluded_lines": [], "start_line": 45}, "AppException.to_dict": {"executed_lines": [60], "summary": {"covered_lines": 1, "num_statements": 1, "percent_covered": 100.0, "percent_covered_display": "100.00", "missing_lines": 0, "excluded_lines": 0, "percent_statements_covered": 100.0, "percent_statements_covered_display": "100.00"}, "missing_lines": [], "excluded_lines": [], "start_line": 58}, "NotFoundException.__init__": {"executed_lines": [76, 77, 78, 79], "summary": {"covered_lines": 4, "num_statements": 4, "percent_covered": 100.0, "percent_covered_display": "100.00", "missing_lines": 0, "excluded_lines": 0, "percent_statements_covered": 100.0, "percent_statements_covered_display": "100.00"}, "missing_lines": [], "excluded_lines": [], "start_line": 70}, "ValidationException.__init__": {"executed_lines": [95], "summary": {"covered_lines": 1, "num_statements": 1, "percent_covered": 100.0, "percent_covered_display": "100.00", "missing_lines": 0, "excluded_lines": 0, "percent_statements_covered": 100.0, "percent_statements_covered_display": "100.00"}, "missing_lines": [], "excluded_lines": [], "start_line": 90}, "UnauthorizedException.__init__": {"executed_lines": [111], "summary": {"covered_lines": 1, "num_statements": 1, "percent_covered": 100.0, "percent_covered_display": "100.00", "missing_lines": 0, "excluded_lines": 0, "percent_statements_covered": 100.0, "percent_statements_covered_display": "100.00"}, "missing_lines": [], "excluded_lines": [], "start_line": 106}, "ForbiddenException.__init__": {"executed_lines": [127], "summary": {"covered_lines": 1, "num_statements": 1, "percent_covered": 100.0, "percent_covered_display": "100.00", "missing_lines": 0, "excluded_lines": 0, "percent_statements_covered": 100.0, "percent_statements_covered_display": "100.00"}, "missing_lines": [], "excluded_lines": [], "start_line": 122}, "DuplicateException.__init__": {"executed_lines": [145], "summary": {"covered_lines": 1, "num_statements": 1, "percent_covered": 100.0, "percent_covered_display": "100.00", "missing_lines": 0, "excluded_lines": 0, "percent_statements_covered": 100.0, "percent_statements_covered_display": "100.00"}, "missing_lines": [], "excluded_lines": [], "start_line": 138}, "": {"executed_lines": [3, 4, 7, 11, 12, 15, 16, 17, 18, 19, 22, 23, 24, 25, 28, 29, 32, 33, 34, 37, 38, 39, 42, 45, 58, 67, 70, 87, 90, 103, 106, 119, 122, 135, 138], "summary": {"covered_lines": 35, "num_statements": 35, "percent_covered": 100.0, "percent_covered_display": "100.00", "missing_lines": 0, "excluded_lines": 0, "percent_statements_covered": 100.0, "percent_statements_covered_display": "100.00"}, "missing_lines": [], "excluded_lines": [], "start_line": 1}}, "classes": {"ErrorCode": {"executed_lines": [], "summary": {"covered_lines": 0, "num_statements": 0, "percent_covered": 100.0, "percent_covered_display": "100.00", "missing_lines": 0, "excluded_lines": 0, "percent_statements_covered": 100.0, "percent_statements_covered_display": "100.00"}, "missing_lines": [], "excluded_lines": [], "start_line": 7}, "AppException": {"executed_lines": [52, 53, 54, 55, 56, 60], "summary": {"covered_lines": 6, "num_statements": 6, "percent_covered": 100.0, "percent_covered_display": "100.00", "missing_lines": 0, "excluded_lines": 0, "percent_statements_covered": 100.0, "percent_statements_covered_display": "100.00"}, "missing_lines": [], "excluded_lines": [], "start_line": 42}, "NotFoundException": {"executed_lines": [76, 77, 78, 79], "summary": {"covered_lines": 4, "num_statements": 4, "percent_covered": 100.0, "percent_covered_display": "100.00", "missing_lines": 0, "excluded_lines": 0, "percent_statements_covered": 100.0, "percent_statements_covered_display": "100.00"}, "missing_lines": [], "excluded_lines": [], "start_line": 67}, "ValidationException": {"executed_lines": [95], "summary": {"covered_lines": 1, "num_statements": 1, "percent_covered": 100.0, "percent_covered_display": "100.00", "missing_lines": 0, "excluded_lines": 0, "percent_statements_covered": 100.0, "percent_statements_covered_display": "100.00"}, "missing_lines": [], "excluded_lines": [], "start_line": 87}, "UnauthorizedException": {"executed_lines": [111], "summary": {"covered_lines": 1, "num_statements": 1, "percent_covered": 100.0, "percent_covered_display": "100.00", "missing_lines": 0, "excluded_lines": 0, "percent_statements_covered": 100.0, "percent_statements_covered_display": "100.00"}, "missing_lines": [], "excluded_lines": [], "start_line": 103}, "ForbiddenException": {"executed_lines": [127], "summary": {"covered_lines": 1, "num_statements": 1, "percent_covered": 100.0, "percent_covered_display": "100.00", "missing_lines": 0, "excluded_lines": 0, "percent_statements_covered": 100.0, "percent_statements_covered_display": "100.00"}, "missing_lines": [], "excluded_lines": [], "start_line": 119}, "DuplicateException": {"executed_lines": [145], "summary": {"covered_lines": 1, "num_statements": 1, "percent_covered": 100.0, "percent_covered_display": "100.00", "missing_lines": 0, "excluded_lines": 0, "percent_statements_covered": 100.0, "percent_statements_covered_display": "100.00"}, "missing_lines": [], "excluded_lines": [], "start_line": 135}, "": {"executed_lines": [3, 4, 7, 11, 12, 15, 16, 17, 18, 19, 22, 23, 24, 25, 28, 29, 32, 33, 34, 37, 38, 39, 42, 45, 58, 67, 70, 87, 90, 103, 106, 119, 122, 135, 138], "summary": {"covered_lines": 35, "num_statements": 35, "percent_covered": 100.0, "percent_covered_display": "100.00", "missing_lines": 0, "excluded_lines": 0, "percent_statements_covered": 100.0, "percent_statements_covered_display": "100.00"}, "missing_lines": [], "excluded_lines": [], "start_line": 1}}}, "app/init_admin.py": {"executed_lines": [], "summary": {"covered_lines": 0, "num_statements": 15, "percent_covered": 0.0, "percent_covered_display": "0.00", "missing_lines": 15, "excluded_lines": 2, "percent_statements_covered": 0.0, "percent_statements_covered_display": "0.00"}, "missing_lines": [1, 3, 4, 7, 8, 10, 11, 12, 14, 15, 20, 21, 22, 24, 26], "excluded_lines": [29, 30], "functions": {"create_admin": {"executed_lines": [], "summary": {"covered_lines": 0, "num_statements": 11, "percent_covered": 0.0, "percent_covered_display": "0.00", "missing_lines": 11, "excluded_lines": 0, "percent_statements_covered": 0.0, "percent_statements_covered_display": "0.00"}, "missing_lines": [8, 10, 11, 12, 14, 15, 20, 21, 22, 24, 26], "excluded_lines": [], "start_line": 7}, "": {"executed_lines": [], "summary": {"covered_lines": 0, "num_statements": 4, "percent_covered": 0.0, "percent_covered_display": "0.00", "missing_lines": 4, "excluded_lines": 2, "percent_statements_covered": 0.0, "percent_statements_covered_display": "0.00"}, "missing_lines": [1, 3, 4, 7], "excluded_lines": [29, 30], "start_line": 1}}, "classes": {"": {"executed_lines": [], "summary": {"covered_lines": 0, "num_statements": 15, "percent_covered": 0.0, "percent_covered_display": "0.00", "missing_lines": 15, "excluded_lines": 2, "percent_statements_covered": 0.0, "percent_statements_covered_display": "0.00"}, "missing_lines": [1, 3, 4, 7, 8, 10, 11, 12, 14, 15, 20, 21, 22, 24, 26], "excluded_lines": [29, 30], "start_line": 1}}}, "app/limiter.py": {"executed_lines": [3, 5, 6, 9, 10, 11, 12, 13, 14, 17], "summary": {"covered_lines": 10, "num_statements": 10, "percent_covered": 100.0, "percent_covered_display": "100.00", "missing_lines": 0, "excluded_lines": 0, "percent_statements_covered": 100.0, "percent_statements_covered_display": "100.00"}, "missing_lines": [], "excluded_lines": [], "functions": {"": {"executed_lines": [3, 5, 6, 9, 10, 11, 12, 13, 14, 17], "summary": {"covered_lines": 10, "num_statements": 10, "percent_covered": 100.0, "percent_covered_display": "100.00", "missing_lines": 0, "excluded_lines": 0, "percent_statements_covered": 100.0, "percent_statements_covered_display": "100.00"}, "missing_lines": [], "excluded_lines": [], "start_line": 1}}, "classes": {"": {"executed_lines": [3, 5, 6, 9, 10, 11, 12, 13, 14, 17], "summary": {"covered_lines": 10, "num_statements": 10, "percent_covered": 100.0, "percent_covered_display": "100.00", "missing_lines": 0, "excluded_lines": 0, "percent_statements_covered": 100.0, "percent_statements_covered_display": "100.00"}, "missing_lines": [], "excluded_lines": [], "start_line": 1}}}, "app/main.py": {"executed_lines": [1, 2, 3, 4, 6, 7, 8, 9, 10, 11, 12, 14, 15, 16, 17, 18, 19, 20, 21, 22, 23, 24, 26, 28, 29, 32, 33, 59, 67, 69, 78, 81, 84, 85, 86, 87, 88, 89, 90, 91, 94, 95, 97, 98, 102, 117, 120, 133, 134, 144, 145, 147, 148, 149, 157, 169, 170, 173, 184, 185, 187, 199, 201, 202, 203, 204, 205, 206, 207, 208, 209, 210, 211, 212, 214, 215, 216, 219, 220], "summary": {"covered_lines": 79, "num_statements": 96, "percent_covered": 82.29166666666667, "percent_covered_display": "82.29", "missing_lines": 17, "excluded_lines": 0, "percent_statements_covered": 82.29166666666667, "percent_statements_covered_display": "82.29"}, "missing_lines": [36, 37, 38, 41, 44, 45, 46, 47, 48, 53, 56, 103, 104, 105, 121, 136, 221], "excluded_lines": [], "functions": {"lifespan": {"executed_lines": [], "summary": {"covered_lines": 0, "num_statements": 7, "percent_covered": 0.0, "percent_covered_display": "0.00", "missing_lines": 7, "excluded_lines": 0, "percent_statements_covered": 0.0, "percent_statements_covered_display": "0.00"}, "missing_lines": [36, 37, 38, 41, 44, 53, 56], "excluded_lines": [], "start_line": 33}, "lifespan.shutdown_handler": {"executed_lines": [], "summary": {"covered_lines": 0, "num_statements": 4, "percent_covered": 0.0, "percent_covered_display": "0.00", "missing_lines": 4, "excluded_lines": 0, "percent_statements_covered": 0.0, "percent_statements_covered_display": "0.00"}, "missing_lines": [45, 46, 47, 48], "excluded_lines": [], "start_line": 44}, "add_security_headers": {"executed_lines": [86, 87, 88, 89, 90, 91], "summary": {"covered_lines": 6, "num_statements": 6, "percent_covered": 100.0, "percent_covered_display": "100.00", "missing_lines": 0, "excluded_lines": 0, "percent_statements_covered": 100.0, "percent_statements_covered_display": "100.00"}, "missing_lines": [], "excluded_lines": [], "start_line": 85}, "timeout_middleware": {"executed_lines": [97, 98, 102], "summary": {"covered_lines": 3, "num_statements": 6, "percent_covered": 50.0, "percent_covered_display": "50.00", "missing_lines": 3, "excluded_lines": 0, "percent_statements_covered": 50.0, "percent_statements_covered_display": "50.00"}, "missing_lines": [103, 104, 105], "excluded_lines": [], "start_line": 95}, "rate_limit_exceeded_handler": {"executed_lines": [], "summary": {"covered_lines": 0, "num_statements": 1, "percent_covered": 0.0, "percent_covered_display": "0.00", "missing_lines": 1, "excluded_lines": 0, "percent_statements_covered": 0.0, "percent_statements_covered_display": "0.00"}, "missing_lines": [121], "excluded_lines": [], "start_line": 120}, "app_exception_handler": {"executed_lines": [], "summary": {"covered_lines": 0, "num_statements": 1, "percent_covered": 0.0, "percent_covered_display": "0.00", "missing_lines": 1, "excluded_lines": 0, "percent_statements_covered": 0.0, "percent_statements_covered_display": "0.00"}, "missing_lines": [136], "excluded_lines": [], "start_line": 134}, "validation_exception_handler": {"executed_lines": [147, 148, 149, 157], "summary": {"covered_lines": 4, "num_statements": 4, "percent_covered": 100.0, "percent_covered_display": "100.00", "missing_lines": 0, "excluded_lines": 0, "percent_statements_covered": 100.0, "percent_statements_covered_display": "100.00"}, "missing_lines": [], "excluded_lines": [], "start_line": 145}, "http_exception_handler": {"executed_lines": [173, 184, 185, 187], "summary": {"covered_lines": 4, "num_statements": 4, "percent_covered": 100.0, "percent_covered_display": "100.00", "missing_lines": 0, "excluded_lines": 0, "percent_statements_covered": 100.0, "percent_statements_covered_display": "100.00"}, "missing_lines": [], "excluded_lines": [], "start_line": 170}, "read_root": {"executed_lines": [], "summary": {"covered_lines": 0, "num_statements": 1, "percent_covered": 0.0, "percent_covered_display": "0.00", "missing_lines": 1, "excluded_lines": 0, "percent_statements_covered": 0.0, "percent_statements_covered_display": "0.00"}, "missing_lines": [221], "excluded_lines": [], "start_line": 220}, "": {"executed_lines": [1, 2, 3, 4, 6, 7, 8, 9, 10, 11, 12, 14, 15, 16, 17, 18, 19, 20, 21, 22, 23, 24, 26, 28, 29, 32, 33, 59, 67, 69, 78, 81, 84, 85, 94, 95, 117, 120, 133, 134, 144, 145, 169, 170, 199, 201, 202, 203, 204, 205, 206, 207, 208, 209, 210, 211, 212, 214, 215, 216, 219, 220], "summary": {"covered_lines": 62, "num_statements": 62, "percent_covered": 100.0, "percent_covered_display": "100.00", "missing_lines": 0, "excluded_lines": 0, "percent_statements_covered": 100.0, "percent_statements_covered_display": "100.00"}, "missing_lines": [], "excluded_lines": [], "start_line": 1}}, "classes": {"": {"executed_lines": [1, 2, 3, 4, 6, 7, 8, 9, 10, 11, 12, 14, 15, 16, 17, 18, 19, 20, 21, 22, 23, 24, 26, 28, 29, 32, 33, 59, 67, 69, 78, 81, 84, 85, 86, 87, 88, 89, 90, 91, 94, 95, 97, 98, 102, 117, 120, 133, 134, 144, 145, 147, 148, 149, 157, 169, 170, 173, 184, 185, 187, 199, 201, 202, 203, 204, 205, 206, 207, 208, 209, 210, 211, 212, 214, 215, 216, 219, 220], "summary": {"covered_lines": 79, "num_statements": 96, "percent_covered": 82.29166666666667, "percent_covered_display": "82.29", "missing_lines": 17, "excluded_lines": 0, "percent_statements_covered": 82.29166666666667, "percent_statements_covered_display": "82.29"}, "missing_lines": [36, 37, 38, 41, 44, 45, 46, 47, 48, 53, 56, 103, 104, 105, 121, 136, 221], "excluded_lines": [], "start_line": 1}}}, "app/middleware/__init__.py": {"executed_lines": [3, 5], "summary": {"covered_lines": 2, "num_statements": 2, "percent_covered": 100.0, "percent_covered_display": "100.00", "missing_lines": 0, "excluded_lines": 0, "percent_statements_covered": 100.0, "percent_statements_covered_display": "100.00"}, "missing_lines": [], "excluded_lines": [], "functions": {"": {"executed_lines": [3, 5], "summary": {"covered_lines": 2, "num_statements": 2, "percent_covered": 100.0, "percent_covered_display": "100.00", "missing_lines": 0, "excluded_lines": 0, "percent_statements_covered": 100.0, "percent_statements_covered_display": "100.00"}, "missing_lines": [], "excluded_lines": [], "start_line": 1}}, "classes": {"": {"executed_lines": [3, 5], "summary": {"covered_lines": 2, "num_statements": 2, "percent_covered": 100.0, "percent_covered_display": "100.00", "missing_lines": 0, "excluded_lines": 0, "percent_statements_covered": 100.0, "percent_statements_covered_display": "100.00"}, "missing_lines": [], "excluded_lines": [], "start_line": 1}}}, "app/middleware/logging.py": {"executed_lines": [3, 4, 5, 6, 8, 9, 12, 31, 34, 42, 45, 47, 48, 51, 54, 55, 61, 64, 67, 68, 69, 72, 77, 80, 83, 84, 98, 100], "summary": {"covered_lines": 28, "num_statements": 46, "percent_covered": 60.869565217391305, "percent_covered_display": "60.87", "missing_lines": 18, "excluded_lines": 0, "percent_statements_covered": 60.869565217391305, "percent_statements_covered_display": "60.87"}, "missing_lines": [15, 16, 19, 20, 23, 24, 25, 28, 36, 37, 38, 39, 78, 86, 87, 90, 94, 95], "excluded_lines": [], "functions": {"setup_logging": {"executed_lines": [], "summary": {"covered_lines": 0, "num_statements": 8, "percent_covered": 0.0, "percent_covered_display": "0.00", "missing_lines": 8, "excluded_lines": 0, "percent_statements_covered": 0.0, "percent_statements_covered_display": "0.00"}, "missing_lines": [15, 16, 19, 20, 23, 24, 25, 28], "excluded_lines": [], "start_line": 12}, "StructuredLogAdapter.process": {"executed_lines": [], "summary": {"covered_lines": 0, "num_statements": 4, "percent_covered": 0.0, "percent_covered_display": "0.00", "missing_lines": 4, "excluded_lines": 0, "percent_statements_covered": 0.0, "percent_statements_covered_display": "0.00"}, "missing_lines": [36, 37, 38, 39], "excluded_lines": [], "start_line": 34}, "RequestLoggingMiddleware.dispatch": {"executed_lines": [47, 48, 51, 54, 55, 61, 64, 67, 68, 69, 72, 77, 80, 83, 84], "summary": {"covered_lines": 15, "num_statements": 21, "percent_covered": 71.42857142857143, "percent_covered_display": "71.43", "missing_lines": 6, "excluded_lines": 0, "percent_statements_covered": 71.42857142857143, "percent_statements_covered_display": "71.43"}, "missing_lines": [78, 86, 87, 90, 94, 95], "excluded_lines": [], "start_line": 45}, "get_logger": {"executed_lines": [100], "summary": {"covered_lines": 1, "num_statements": 1, "percent_covered": 100.0, "percent_covered_display": "100.00", "missing_lines": 0, "excluded_lines": 0, "percent_statements_covered": 100.0, "percent_statements_covered_display": "100.00"}, "missing_lines": [], "excluded_lines": [], "start_line": 98}, "": {"executed_lines": [3, 4, 5, 6, 8, 9, 12, 31, 34, 42, 45, 98], "summary": {"covered_lines": 12, "num_statements": 12, "percent_covered": 100.0, "percent_covered_display": "100.00", "missing_lines": 0, "excluded_lines": 0, "percent_statements_covered": 100.0, "percent_statements_covered_display": "100.00"}, "missing_lines": [], "excluded_lines": [], "start_line": 1}}, "classes": {"StructuredLogAdapter": {"executed_lines": [], "summary": {"covered_lines": 0, "num_statements": 4, "percent_covered": 0.0, "percent_covered_display": "0.00", "missing_lines": 4, "excluded_lines": 0, "percent_statements_covered": 0.0, "percent_statements_covered_display": "0.00"}, "missing_lines": [36, 37, 38, 39], "excluded_lines": [], "start_line": 31}, "RequestLoggingMiddleware": {"executed_lines": [47, 48, 51, 54, 55, 61, 64, 67, 68, 69, 72, 77, 80, 83, 84], "summary": {"covered_lines": 15, "num_statements": 21, "percent_covered": 71.42857142857143, "percent_covered_display": "71.43", "missing_lines": 6, "excluded_lines": 0, "percent_statements_covered": 71.42857142857143, "percent_statements_covered_display": "71.43"}, "missing_lines": [78, 86, 87, 90, 94, 95], "excluded_lines": [], "start_line": 42}, "": {"executed_lines": [3, 4, 5, 6, 8, 9, 12, 31, 34, 42, 45, 98, 100], "summary": {"covered_lines": 13, "num_statements": 21, "percent_covered": 61.904761904761905, "percent_covered_display": "61.90", "missing_lines": 8, "excluded_lines": 0, "percent_statements_covered": 61.904761904761905, "percent_statements_covered_display": "61.90"}, "missing_lines": [15, 16, 19, 20, 23, 24, 25, 28], "excluded_lines": [], "start_line": 1}}}, "app/models.py": {"executed_lines": [1, 3, 13, 15, 17, 25, 26, 28, 29, 30, 31, 32, 33, 34, 35, 36, 41, 42, 43, 44, 46, 47, 48, 51, 52, 54, 55, 57, 60, 61, 63, 64, 66, 69, 70, 72, 73, 74, 75, 76, 77, 78, 79, 80, 82, 83], "summary": {"covered_lines": 46, "num_statements": 46, "percent_covered": 100.0, "percent_covered_display": "100.00", "missing_lines": 0, "excluded_lines": 0, "percent_statements_covered": 100.0, "percent_statements_covered_display": "100.00"}, "missing_lines": [], "excluded_lines": [], "functions": {"": {"executed_lines": [1, 3, 13, 15, 17, 25, 26, 28, 29, 30, 31, 32, 33, 34, 35, 36, 41, 42, 43, 44, 46, 47, 48, 51, 52, 54, 55, 57, 60, 61, 63, 64, 66, 69, 70, 72, 73, 74, 75, 76, 77, 78, 79, 80, 82, 83], "summary": {"covered_lines": 46, "num_statements": 46, "percent_covered": 100.0, "percent_covered_display": "100.00", "missing_lines": 0, "excluded_lines": 0, "percent_statements_covered": 100.0, "percent_statements_covered_display": "100.00"}, "missing_lines": [], "excluded_lines": [], "start_line": 1}}, "classes": {"Post": {"executed_lines": [], "summary": {"covered_lines": 0, "num_statements": 0, "percent_covered": 100.0, "percent_covered_display": "100.00", "missing_lines": 0, "excluded_lines": 0, "percent_statements_covered": 100.0, "percent_statements_covered_display": "100.00"}, "missing_lines": [], "excluded_lines": [], "start_line": 25}, "Category": {"executed_lines": [], "summary": {"covered_lines": 0, "num_statements": 0, "percent_covered": 100.0, "percent_covered_display": "100.00", "missing_lines": 0, "excluded_lines": 0, "percent_statements_covered": 100.0, "percent_statements_covered_display": "100.00"}, "missing_lines": [], "excluded_lines": [], "start_line": 51}, "Tag": {"executed_lines": [], "summary": {"covered_lines": 0, "num_statements": 0, "percent_covered": 100.0, "percent_covered_display": "100.00", "missing_lines": 0, "excluded_lines": 0, "percent_statements_covered": 100.0, "percent_statements_covered_display": "100.00"}, "missing_lines": [], "excluded_lines": [], "start_line": 60}, "Comment": {"executed_lines": [], "summary": {"covered_lines": 0, "num_statements": 0, "percent_covered": 100.0, "percent_covered_display": "100.00", "missing_lines": 0, "excluded_lines": 0, "percent_statements_covered": 100.0, "percent_statements_covered_display": "100.00"}, "missing_lines": [], "excluded_lines": [], "start_line": 69}, "": {"executed_lines": [1, 3, 13, 15, 17, 25, 26, 28, 29, 30, 31, 32, 33, 34, 35, 36, 41, 42, 43, 44, 46, 47, 48, 51, 52, 54, 55, 57, 60, 61, 63, 64, 66, 69, 70, 72, 73, 74, 75, 76, 77, 78, 79, 80, 82, 83], "summary": {"covered_lines": 46, "num_statements": 46, "percent_covered": 100.0, "percent_covered_display": "100.00", "missing_lines": 0, "excluded_lines": 0, "percent_statements_covered": 100.0, "percent_statements_covered_display": "100.00"}, "missing_lines": [], "excluded_lines": [], "start_line": 1}}}, "app/routers/__init__.py": {"executed_lines": [], "summary": {"covered_lines": 0, "num_statements": 0, "percent_covered": 100.0, "percent_covered_display": "100.00", "missing_lines": 0, "excluded_lines": 0, "percent_statements_covered": 100.0, "percent_statements_covered_display": "100.00"}, "missing_lines": [], "excluded_lines": [], "functions": {"": {"executed_lines": [], "summary": {"covered_lines": 0, "num_statements": 0, "percent_covered": 100.0, "percent_covered_display": "100.00", "missing_lines": 0, "excluded_lines": 0, "percent_statements_covered": 100.0, "percent_statements_covered_display": "100.00"}, "missing_lines": [], "excluded_lines": [], "start_line": 1}}, "classes": {"": {"executed_lines": [], "summary": {"covered_lines": 0, "num_statements": 0, "percent_covered": 100.0, "percent_covered_display": "100.00", "missing_lines": 0, "excluded_lines": 0, "percent_statements_covered": 100.0, "percent_statements_covered_display": "100.00"}, "missing_lines": [], "excluded_lines": [], "start_line": 1}}}, "app/routers/admin.py": {"executed_lines": [1, 2, 3, 4, 6, 7, 8, 9, 10, 12, 15, 20, 25, 26, 33, 34, 35, 40, 41, 42, 47, 48, 51, 52, 73, 74, 82, 83, 100, 101, 107, 108, 123, 124, 129, 130, 132, 146, 147, 152, 153, 156, 157, 163, 164, 167, 168, 169, 170, 171, 173, 175, 177, 179, 183, 184, 185, 188, 189, 194, 195, 198, 199, 200, 203, 204, 208, 209, 212, 213, 218, 219, 222, 223, 224, 225, 226, 229, 230, 245, 246, 251, 252, 255, 256, 257, 260, 261, 265, 266, 269, 270, 275, 276, 279, 280, 281, 282, 283, 286, 287, 302, 303, 308, 309, 312, 313, 314, 318, 319, 346, 347], "summary": {"covered_lines": 112, "num_statements": 170, "percent_covered": 65.88235294117646, "percent_covered_display": "65.88", "missing_lines": 58, "excluded_lines": 0, "percent_statements_covered": 65.88235294117646, "percent_statements_covered_display": "65.88"}, "missing_lines": [57, 58, 59, 61, 62, 67, 68, 69, 70, 78, 79, 88, 89, 91, 92, 93, 95, 96, 97, 131, 165, 172, 174, 176, 180, 181, 196, 220, 236, 237, 238, 240, 241, 242, 253, 277, 293, 294, 295, 297, 298, 299, 310, 324, 325, 326, 327, 328, 329, 330, 331, 343, 352, 353, 354, 356, 357, 358], "excluded_lines": [], "functions": {"login": {"executed_lines": [40, 41, 42, 47, 48], "summary": {"covered_lines": 5, "num_statements": 5, "percent_covered": 100.0, "percent_covered_display": "100.00", "missing_lines": 0, "excluded_lines": 0, "percent_statements_covered": 100.0, "percent_statements_covered_display": "100.00"}, "missing_lines": [], "excluded_lines": [], "start_line": 35}, "create_user": {"executed_lines": [], "summary": {"covered_lines": 0, "num_statements": 9, "percent_covered": 0.0, "percent_covered_display": "0.00", "missing_lines": 9, "excluded_lines": 0, "percent_statements_covered": 0.0, "percent_statements_covered_display": "0.00"}, "missing_lines": [57, 58, 59, 61, 62, 67, 68, 69, 70], "excluded_lines": [], "start_line": 52}, "list_users": {"executed_lines": [], "summary": {"covered_lines": 0, "num_statements": 2, "percent_covered": 0.0, "percent_covered_display": "0.00", "missing_lines": 2, "excluded_lines": 0, "percent_statements_covered": 0.0, "percent_statements_covered_display": "0.00"}, "missing_lines": [78, 79], "excluded_lines": [], "start_line": 74}, "delete_user": {"executed_lines": [], "summary": {"covered_lines": 0, "num_statements": 8, "percent_covered": 0.0, "percent_covered_display": "0.00", "missing_lines": 8, "excluded_lines": 0, "percent_statements_covered": 0.0, "percent_statements_covered_display": "0.00"}, "missing_lines": [88, 89, 91, 92, 93, 95, 96, 97], "excluded_lines": [], "start_line": 83}, "admin_list_posts": {"executed_lines": [107, 108], "summary": {"covered_lines": 2, "num_statements": 2, "percent_covered": 100.0, "percent_covered_display": "100.00", "missing_lines": 0, "excluded_lines": 0, "percent_statements_covered": 100.0, "percent_statements_covered_display": "100.00"}, "missing_lines": [], "excluded_lines": [], "start_line": 101}, "admin_get_post": {"executed_lines": [129, 130, 132], "summary": {"covered_lines": 3, "num_statements": 4, "percent_covered": 75.0, "percent_covered_display": "75.00", "missing_lines": 1, "excluded_lines": 0, "percent_statements_covered": 75.0, "percent_statements_covered_display": "75.00"}, "missing_lines": [131], "excluded_lines": [], "start_line": 124}, "admin_create_post": {"executed_lines": [152, 153], "summary": {"covered_lines": 2, "num_statements": 2, "percent_covered": 100.0, "percent_covered_display": "100.00", "missing_lines": 0, "excluded_lines": 0, "percent_statements_covered": 100.0, "percent_statements_covered_display": "100.00"}, "missing_lines": [], "excluded_lines": [], "start_line": 147}, "admin_update_post": {"executed_lines": [163, 164, 167, 168, 169, 170, 171, 173, 175, 177, 179, 183, 184, 185], "summary": {"covered_lines": 14, "num_statements": 20, "percent_covered": 70.0, "percent_covered_display": "70.00", "missing_lines": 6, "excluded_lines": 0, "percent_statements_covered": 70.0, "percent_statements_covered_display": "70.00"}, "missing_lines": [165, 172, 174, 176, 180, 181], "excluded_lines": [], "start_line": 157}, "admin_delete_post": {"executed_lines": [194, 195, 198, 199, 200], "summary": {"covered_lines": 5, "num_statements": 6, "percent_covered": 83.33333333333333, "percent_covered_display": "83.33", "missing_lines": 1, "excluded_lines": 0, "percent_statements_covered": 83.33333333333333, "percent_statements_covered_display": "83.33"}, "missing_lines": [196], "excluded_lines": [], "start_line": 189}, "admin_list_categories": {"executed_lines": [208, 209], "summary": {"covered_lines": 2, "num_statements": 2, "percent_covered": 100.0, "percent_covered_display": "100.00", "missing_lines": 0, "excluded_lines": 0, "percent_statements_covered": 100.0, "percent_statements_covered_display": "100.00"}, "missing_lines": [], "excluded_lines": [], "start_line": 204}, "admin_create_category": {"executed_lines": [218, 219, 222, 223, 224, 225, 226], "summary": {"covered_lines": 7, "num_statements": 8, "percent_covered": 87.5, "percent_covered_display": "87.50", "missing_lines": 1, "excluded_lines": 0, "percent_statements_covered": 87.5, "percent_statements_covered_display": "87.50"}, "missing_lines": [220], "excluded_lines": [], "start_line": 213}, "admin_update_category": {"executed_lines": [], "summary": {"covered_lines": 0, "num_statements": 6, "percent_covered": 0.0, "percent_covered_display": "0.00", "missing_lines": 6, "excluded_lines": 0, "percent_statements_covered": 0.0, "percent_statements_covered_display": "0.00"}, "missing_lines": [236, 237, 238, 240, 241, 242], "excluded_lines": [], "start_line": 230}, "admin_delete_category": {"executed_lines": [251, 252, 255, 256, 257], "summary": {"covered_lines": 5, "num_statements": 6, "percent_covered": 83.33333333333333, "percent_covered_display": "83.33", "missing_lines": 1, "excluded_lines": 0, "percent_statements_covered": 83.33333333333333, "percent_statements_covered_display": "83.33"}, "missing_lines": [253], "excluded_lines": [], "start_line": 246}, "admin_list_tags": {"executed_lines": [265, 266], "summary": {"covered_lines": 2, "num_statements": 2, "percent_covered": 100.0, "percent_covered_display": "100.00", "missing_lines": 0, "excluded_lines": 0, "percent_statements_covered": 100.0, "percent_statements_covered_display": "100.00"}, "missing_lines": [], "excluded_lines": [], "start_line": 261}, "admin_create_tag": {"executed_lines": [275, 276, 279, 280, 281, 282, 283], "summary": {"covered_lines": 7, "num_statements": 8, "percent_covered": 87.5, "percent_covered_display": "87.50", "missing_lines": 1, "excluded_lines": 0, "percent_statements_covered": 87.5, "percent_statements_covered_display": "87.50"}, "missing_lines": [277], "excluded_lines": [], "start_line": 270}, "admin_update_tag": {"executed_lines": [], "summary": {"covered_lines": 0, "num_statements": 6, "percent_covered": 0.0, "percent_covered_display": "0.00", "missing_lines": 6, "excluded_lines": 0, "percent_statements_covered": 0.0, "percent_statements_covered_display": "0.00"}, "missing_lines": [293, 294, 295, 297, 298, 299], "excluded_lines": [], "start_line": 287}, "admin_delete_tag": {"executed_lines": [308, 309, 312, 313, 314], "summary": {"covered_lines": 5, "num_statements": 6, "percent_covered": 83.33333333333333, "percent_covered_display": "83.33", "missing_lines": 1, "excluded_lines": 0, "percent_statements_covered": 83.33333333333333, "percent_statements_covered_display": "83.33"}, "missing_lines": [310], "excluded_lines": [], "start_line": 303}, "admin_list_comments": {"executed_lines": [], "summary": {"covered_lines": 0, "num_statements": 9, "percent_covered": 0.0, "percent_covered_display": "0.00", "missing_lines": 9, "excluded_lines": 0, "percent_statements_covered": 0.0, "percent_statements_covered_display": "0.00"}, "missing_lines": [324, 325, 326, 327, 328, 329, 330, 331, 343], "excluded_lines": [], "start_line": 319}, "admin_delete_comment": {"executed_lines": [], "summary": {"covered_lines": 0, "num_statements": 6, "percent_covered": 0.0, "percent_covered_display": "0.00", "missing_lines": 6, "excluded_lines": 0, "percent_statements_covered": 0.0, "percent_statements_covered_display": "0.00"}, "missing_lines": [352, 353, 354, 356, 357, 358], "excluded_lines": [], "start_line": 347}, "": {"executed_lines": [1, 2, 3, 4, 6, 7, 8, 9, 10, 12, 15, 20, 25, 26, 33, 34, 35, 51, 52, 73, 74, 82, 83, 100, 101, 123, 124, 146, 147, 156, 157, 188, 189, 203, 204, 212, 213, 229, 230, 245, 246, 260, 261, 269, 270, 286, 287, 302, 303, 318, 319, 346, 347], "summary": {"covered_lines": 53, "num_statements": 53, "percent_covered": 100.0, "percent_covered_display": "100.00", "missing_lines": 0, "excluded_lines": 0, "percent_statements_covered": 100.0, "percent_statements_covered_display": "100.00"}, "missing_lines": [], "excluded_lines": [], "start_line": 1}}, "classes": {"LoginResponse": {"executed_lines": [], "summary": {"covered_lines": 0, "num_statements": 0, "percent_covered": 100.0, "percent_covered_display": "100.00", "missing_lines": 0, "excluded_lines": 0, "percent_statements_covered": 100.0, "percent_statements_covered_display": "100.00"}, "missing_lines": [], "excluded_lines": [], "start_line": 15}, "UserCreate": {"executed_lines": [], "summary": {"covered_lines": 0, "num_statements": 0, "percent_covered": 100.0, "percent_covered_display": "100.00", "missing_lines": 0, "excluded_lines": 0, "percent_statements_covered": 100.0, "percent_statements_covered_display": "100.00"}, "missing_lines": [], "excluded_lines": [], "start_line": 20}, "UserResponse": {"executed_lines": [], "summary": {"covered_lines": 0, "num_statements": 0, "percent_covered": 100.0, "percent_covered_display": "100.00", "missing_lines": 0, "excluded_lines": 0, "percent_statements_covered": 100.0, "percent_statements_covered_display": "100.00"}, "missing_lines": [], "excluded_lines": [], "start_line": 25}, "": {"executed_lines": [1, 2, 3, 4, 6, 7, 8, 9, 10, 12, 15, 20, 25, 26, 33, 34, 35, 40, 41, 42, 47, 48, 51, 52, 73, 74, 82, 83, 100, 101, 107, 108, 123, 124, 129, 130, 132, 146, 147, 152, 153, 156, 157, 163, 164, 167, 168, 169, 170, 171, 173, 175, 177, 179, 183, 184, 185, 188, 189, 194, 195, 198, 199, 200, 203, 204, 208, 209, 212, 213, 218, 219, 222, 223, 224, 225, 226, 229, 230, 245, 246, 251, 252, 255, 256, 257, 260, 261, 265, 266, 269, 270, 275, 276, 279, 280, 281, 282, 283, 286, 287, 302, 303, 308, 309, 312, 313, 314, 318, 319, 346, 347], "summary": {"covered_lines": 112, "num_statements": 170, "percent_covered": 65.88235294117646, "percent_covered_display": "65.88", "missing_lines": 58, "excluded_lines": 0, "percent_statements_covered": 65.88235294117646, "percent_statements_covered_display": "65.88"}, "missing_lines": [57, 58, 59, 61, 62, 67, 68, 69, 70, 78, 79, 88, 89, 91, 92, 93, 95, 96, 97, 131, 165, 172, 174, 176, 180, 181, 196, 220, 236, 237, 238, 240, 241, 242, 253, 277, 293, 294, 295, 297, 298, 299, 310, 324, 325, 326, 327, 328, 329, 330, 331, 343, 352, 353, 354, 356, 357, 358], "excluded_lines": [], "start_line": 1}}}, "app/routers/categories.py": {"executed_lines": [1, 2, 4, 5, 7, 10, 11, 12, 15, 16, 17, 18, 19, 20, 23, 24, 25, 28, 29, 30, 31, 33, 36, 37, 38, 39], "summary": {"covered_lines": 26, "num_statements": 28, "percent_covered": 92.85714285714286, "percent_covered_display": "92.86", "missing_lines": 2, "excluded_lines": 0, "percent_statements_covered": 92.85714285714286, "percent_statements_covered_display": "92.86"}, "missing_lines": [32, 40], "excluded_lines": [], "functions": {"list_categories": {"executed_lines": [12], "summary": {"covered_lines": 1, "num_statements": 1, "percent_covered": 100.0, "percent_covered_display": "100.00", "missing_lines": 0, "excluded_lines": 0, "percent_statements_covered": 100.0, "percent_statements_covered_display": "100.00"}, "missing_lines": [], "excluded_lines": [], "start_line": 11}, "get_category": {"executed_lines": [17, 18, 19, 20], "summary": {"covered_lines": 4, "num_statements": 4, "percent_covered": 100.0, "percent_covered_display": "100.00", "missing_lines": 0, "excluded_lines": 0, "percent_statements_covered": 100.0, "percent_statements_covered_display": "100.00"}, "missing_lines": [], "excluded_lines": [], "start_line": 16}, "create_category": {"executed_lines": [25], "summary": {"covered_lines": 1, "num_statements": 1, "percent_covered": 100.0, "percent_covered_display": "100.00", "missing_lines": 0, "excluded_lines": 0, "percent_statements_covered": 100.0, "percent_statements_covered_display": "100.00"}, "missing_lines": [], "excluded_lines": [], "start_line": 24}, "update_category": {"executed_lines": [30, 31, 33], "summary": {"covered_lines": 3, "num_statements": 4, "percent_covered": 75.0, "percent_covered_display": "75.00", "missing_lines": 1, "excluded_lines": 0, "percent_statements_covered": 75.0, "percent_statements_covered_display": "75.00"}, "missing_lines": [32], "excluded_lines": [], "start_line": 29}, "delete_category": {"executed_lines": [38, 39], "summary": {"covered_lines": 2, "num_statements": 3, "percent_covered": 66.66666666666667, "percent_covered_display": "66.67", "missing_lines": 1, "excluded_lines": 0, "percent_statements_covered": 66.66666666666667, "percent_statements_covered_display": "66.67"}, "missing_lines": [40], "excluded_lines": [], "start_line": 37}, "": {"executed_lines": [1, 2, 4, 5, 7, 10, 11, 15, 16, 23, 24, 28, 29, 36, 37], "summary": {"covered_lines": 15, "num_statements": 15, "percent_covered": 100.0, "percent_covered_display": "100.00", "missing_lines": 0, "excluded_lines": 0, "percent_statements_covered": 100.0, "percent_statements_covered_display": "100.00"}, "missing_lines": [], "excluded_lines": [], "start_line": 1}}, "classes": {"": {"executed_lines": [1, 2, 4, 5, 7, 10, 11, 12, 15, 16, 17, 18, 19, 20, 23, 24, 25, 28, 29, 30, 31, 33, 36, 37, 38, 39], "summary": {"covered_lines": 26, "num_statements": 28, "percent_covered": 92.85714285714286, "percent_covered_display": "92.86", "missing_lines": 2, "excluded_lines": 0, "percent_statements_covered": 92.85714285714286, "percent_statements_covered_display": "92.86"}, "missing_lines": [32, 40], "excluded_lines": [], "start_line": 1}}}, "app/routers/comments.py": {"executed_lines": [1, 2, 3, 5, 6, 7, 8, 10, 13, 23, 29, 30, 37, 38, 40, 49, 50, 51, 57, 58, 61, 62, 75, 76, 77], "summary": {"covered_lines": 25, "num_statements": 29, "percent_covered": 86.20689655172414, "percent_covered_display": "86.21", "missing_lines": 4, "excluded_lines": 0, "percent_statements_covered": 86.20689655172414, "percent_statements_covered_display": "86.21"}, "missing_lines": [69, 70, 71, 72], "excluded_lines": [], "functions": {"list_comments": {"executed_lines": [37, 38, 40], "summary": {"covered_lines": 3, "num_statements": 3, "percent_covered": 100.0, "percent_covered_display": "100.00", "missing_lines": 0, "excluded_lines": 0, "percent_statements_covered": 100.0, "percent_statements_covered_display": "100.00"}, "missing_lines": [], "excluded_lines": [], "start_line": 30}, "create_comment": {"executed_lines": [57, 58], "summary": {"covered_lines": 2, "num_statements": 2, "percent_covered": 100.0, "percent_covered_display": "100.00", "missing_lines": 0, "excluded_lines": 0, "percent_statements_covered": 100.0, "percent_statements_covered_display": "100.00"}, "missing_lines": [], "excluded_lines": [], "start_line": 51}, "approve_comment": {"executed_lines": [], "summary": {"covered_lines": 0, "num_statements": 4, "percent_covered": 0.0, "percent_covered_display": "0.00", "missing_lines": 4, "excluded_lines": 0, "percent_statements_covered": 0.0, "percent_statements_covered_display": "0.00"}, "missing_lines": [69, 70, 71, 72], "excluded_lines": [], "start_line": 62}, "delete_comment": {"executed_lines": [77], "summary": {"covered_lines": 1, "num_statements": 1, "percent_covered": 100.0, "percent_covered_display": "100.00", "missing_lines": 0, "excluded_lines": 0, "percent_statements_covered": 100.0, "percent_statements_covered_display": "100.00"}, "missing_lines": [], "excluded_lines": [], "start_line": 76}, "": {"executed_lines": [1, 2, 3, 5, 6, 7, 8, 10, 13, 23, 29, 30, 49, 50, 51, 61, 62, 75, 76], "summary": {"covered_lines": 19, "num_statements": 19, "percent_covered": 100.0, "percent_covered_display": "100.00", "missing_lines": 0, "excluded_lines": 0, "percent_statements_covered": 100.0, "percent_statements_covered_display": "100.00"}, "missing_lines": [], "excluded_lines": [], "start_line": 1}}, "classes": {"CommentListResponse": {"executed_lines": [], "summary": {"covered_lines": 0, "num_statements": 0, "percent_covered": 100.0, "percent_covered_display": "100.00", "missing_lines": 0, "excluded_lines": 0, "percent_statements_covered": 100.0, "percent_statements_covered_display": "100.00"}, "missing_lines": [], "excluded_lines": [], "start_line": 13}, "CommentApproval": {"executed_lines": [], "summary": {"covered_lines": 0, "num_statements": 0, "percent_covered": 100.0, "percent_covered_display": "100.00", "missing_lines": 0, "excluded_lines": 0, "percent_statements_covered": 100.0, "percent_statements_covered_display": "100.00"}, "missing_lines": [], "excluded_lines": [], "start_line": 23}, "": {"executed_lines": [1, 2, 3, 5, 6, 7, 8, 10, 13, 23, 29, 30, 37, 38, 40, 49, 50, 51, 57, 58, 61, 62, 75, 76, 77], "summary": {"covered_lines": 25, "num_statements": 29, "percent_covered": 86.20689655172414, "percent_covered_display": "86.21", "missing_lines": 4, "excluded_lines": 0, "percent_statements_covered": 86.20689655172414, "percent_statements_covered_display": "86.21"}, "missing_lines": [69, 70, 71, 72], "excluded_lines": [], "start_line": 1}}}, "app/routers/export.py": {"executed_lines": [1, 2, 4, 5, 6, 8, 9, 10, 12, 15, 16, 17, 19, 21, 22, 23, 25, 26, 40, 41, 48, 49, 50, 52, 54, 55, 56, 58, 59, 70, 71], "summary": {"covered_lines": 31, "num_statements": 31, "percent_covered": 100.0, "percent_covered_display": "100.00", "missing_lines": 0, "excluded_lines": 0, "percent_statements_covered": 100.0, "percent_statements_covered_display": "100.00"}, "missing_lines": [], "excluded_lines": [], "functions": {"export_posts_csv": {"executed_lines": [19, 21, 22, 23, 25, 26, 40, 41], "summary": {"covered_lines": 8, "num_statements": 8, "percent_covered": 100.0, "percent_covered_display": "100.00", "missing_lines": 0, "excluded_lines": 0, "percent_statements_covered": 100.0, "percent_statements_covered_display": "100.00"}, "missing_lines": [], "excluded_lines": [], "start_line": 17}, "export_comments_csv": {"executed_lines": [52, 54, 55, 56, 58, 59, 70, 71], "summary": {"covered_lines": 8, "num_statements": 8, "percent_covered": 100.0, "percent_covered_display": "100.00", "missing_lines": 0, "excluded_lines": 0, "percent_statements_covered": 100.0, "percent_statements_covered_display": "100.00"}, "missing_lines": [], "excluded_lines": [], "start_line": 50}, "": {"executed_lines": [1, 2, 4, 5, 6, 8, 9, 10, 12, 15, 16, 17, 48, 49, 50], "summary": {"covered_lines": 15, "num_statements": 15, "percent_covered": 100.0, "percent_covered_display": "100.00", "missing_lines": 0, "excluded_lines": 0, "percent_statements_covered": 100.0, "percent_statements_covered_display": "100.00"}, "missing_lines": [], "excluded_lines": [], "start_line": 1}}, "classes": {"": {"executed_lines": [1, 2, 4, 5, 6, 8, 9, 10, 12, 15, 16, 17, 19, 21, 22, 23, 25, 26, 40, 41, 48, 49, 50, 52, 54, 55, 56, 58, 59, 70, 71], "summary": {"covered_lines": 31, "num_statements": 31, "percent_covered": 100.0, "percent_covered_display": "100.00", "missing_lines": 0, "excluded_lines": 0, "percent_statements_covered": 100.0, "percent_statements_covered_display": "100.00"}, "missing_lines": [], "excluded_lines": [], "start_line": 1}}}, "app/routers/health.py": {"executed_lines": [3, 4, 5, 7, 8, 11, 15, 16, 19, 26, 36, 39, 45, 47, 50, 56, 58, 61, 62, 63, 64, 72, 75, 81, 83, 86, 92], "summary": {"covered_lines": 27, "num_statements": 32, "percent_covered": 84.375, "percent_covered_display": "84.38", "missing_lines": 5, "excluded_lines": 0, "percent_statements_covered": 84.375, "percent_statements_covered_display": "84.38"}, "missing_lines": [65, 66, 67, 94, 95], "excluded_lines": [], "functions": {"health_check": {"executed_lines": [47], "summary": {"covered_lines": 1, "num_statements": 1, "percent_covered": 100.0, "percent_covered_display": "100.00", "missing_lines": 0, "excluded_lines": 0, "percent_statements_covered": 100.0, "percent_statements_covered_display": "100.00"}, "missing_lines": [], "excluded_lines": [], "start_line": 45}, "readiness_check": {"executed_lines": [58, 61, 62, 63, 64, 72], "summary": {"covered_lines": 6, "num_statements": 9, "percent_covered": 66.66666666666667, "percent_covered_display": "66.67", "missing_lines": 3, "excluded_lines": 0, "percent_statements_covered": 66.66666666666667, "percent_statements_covered_display": "66.67"}, "missing_lines": [65, 66, 67], "excluded_lines": [], "start_line": 56}, "liveness_check": {"executed_lines": [83], "summary": {"covered_lines": 1, "num_statements": 1, "percent_covered": 100.0, "percent_covered_display": "100.00", "missing_lines": 0, "excluded_lines": 0, "percent_statements_covered": 100.0, "percent_statements_covered_display": "100.00"}, "missing_lines": [], "excluded_lines": [], "start_line": 81}, "cache_stats": {"executed_lines": [], "summary": {"covered_lines": 0, "num_statements": 2, "percent_covered": 0.0, "percent_covered_display": "0.00", "missing_lines": 2, "excluded_lines": 0, "percent_statements_covered": 0.0, "percent_statements_covered_display": "0.00"}, "missing_lines": [94, 95], "excluded_lines": [], "start_line": 92}, "": {"executed_lines": [3, 4, 5, 7, 8, 11, 15, 16, 19, 26, 36, 39, 45, 50, 56, 75, 81, 86, 92], "summary": {"covered_lines": 19, "num_statements": 19, "percent_covered": 100.0, "percent_covered_display": "100.00", "missing_lines": 0, "excluded_lines": 0, "percent_statements_covered": 100.0, "percent_statements_covered_display": "100.00"}, "missing_lines": [], "excluded_lines": [], "start_line": 1}}, "classes": {"HealthResponse": {"executed_lines": [], "summary": {"covered_lines": 0, "num_statements": 0, "percent_covered": 100.0, "percent_covered_display": "100.00", "missing_lines": 0, "excluded_lines": 0, "percent_statements_covered": 100.0, "percent_statements_covered_display": "100.00"}, "missing_lines": [], "excluded_lines": [], "start_line": 11}, "ReadyResponse": {"executed_lines": [], "summary": {"covered_lines": 0, "num_statements": 0, "percent_covered": 100.0, "percent_covered_display": "100.00", "missing_lines": 0, "excluded_lines": 0, "percent_statements_covered": 100.0, "percent_statements_covered_display": "100.00"}, "missing_lines": [], "excluded_lines": [], "start_line": 19}, "CacheStatsResponse": {"executed_lines": [], "summary": {"covered_lines": 0, "num_statements": 0, "percent_covered": 100.0, "percent_covered_display": "100.00", "missing_lines": 0, "excluded_lines": 0, "percent_statements_covered": 100.0, "percent_statements_covered_display": "100.00"}, "missing_lines": [], "excluded_lines": [], "start_line": 26}, "": {"executed_lines": [3, 4, 5, 7, 8, 11, 15, 16, 19, 26, 36, 39, 45, 47, 50, 56, 58, 61, 62, 63, 64, 72, 75, 81, 83, 86, 92], "summary": {"covered_lines": 27, "num_statements": 32, "percent_covered": 84.375, "percent_covered_display": "84.38", "missing_lines": 5, "excluded_lines": 0, "percent_statements_covered": 84.375, "percent_statements_covered_display": "84.38"}, "missing_lines": [65, 66, 67, 94, 95], "excluded_lines": [], "start_line": 1}}}, "app/routers/posts.py": {"executed_lines": [1, 2, 4, 5, 6, 8, 11, 12, 19, 20, 28, 30, 41, 42, 43, 44, 45, 46, 49, 50, 51, 52, 53, 55, 58, 59, 60, 61, 62, 64, 67, 68, 69, 70, 71, 75, 76, 77, 79, 80, 81, 85, 86, 87, 89, 90, 91, 92, 95, 96, 98, 101, 102, 104], "summary": {"covered_lines": 54, "num_statements": 58, "percent_covered": 93.10344827586206, "percent_covered_display": "93.10", "missing_lines": 4, "excluded_lines": 0, "percent_statements_covered": 93.10344827586206, "percent_statements_covered_display": "93.10"}, "missing_lines": [54, 63, 72, 82], "excluded_lines": [], "functions": {"list_posts": {"executed_lines": [19, 20, 28, 30], "summary": {"covered_lines": 4, "num_statements": 4, "percent_covered": 100.0, "percent_covered_display": "100.00", "missing_lines": 0, "excluded_lines": 0, "percent_statements_covered": 100.0, "percent_statements_covered_display": "100.00"}, "missing_lines": [], "excluded_lines": [], "start_line": 12}, "get_post": {"executed_lines": [43, 44, 45, 46], "summary": {"covered_lines": 4, "num_statements": 4, "percent_covered": 100.0, "percent_covered_display": "100.00", "missing_lines": 0, "excluded_lines": 0, "percent_statements_covered": 100.0, "percent_statements_covered_display": "100.00"}, "missing_lines": [], "excluded_lines": [], "start_line": 42}, "create_post": {"executed_lines": [52, 53, 55], "summary": {"covered_lines": 3, "num_statements": 4, "percent_covered": 75.0, "percent_covered_display": "75.00", "missing_lines": 1, "excluded_lines": 0, "percent_statements_covered": 75.0, "percent_statements_covered_display": "75.00"}, "missing_lines": [54], "excluded_lines": [], "start_line": 51}, "update_post": {"executed_lines": [61, 62, 64], "summary": {"covered_lines": 3, "num_statements": 4, "percent_covered": 75.0, "percent_covered_display": "75.00", "missing_lines": 1, "excluded_lines": 0, "percent_statements_covered": 75.0, "percent_statements_covered_display": "75.00"}, "missing_lines": [63], "excluded_lines": [], "start_line": 60}, "delete_post": {"executed_lines": [70, 71], "summary": {"covered_lines": 2, "num_statements": 3, "percent_covered": 66.66666666666667, "percent_covered_display": "66.67", "missing_lines": 1, "excluded_lines": 0, "percent_statements_covered": 66.66666666666667, "percent_statements_covered_display": "66.67"}, "missing_lines": [72], "excluded_lines": [], "start_line": 69}, "increment_views": {"executed_lines": [79, 80, 81], "summary": {"covered_lines": 3, "num_statements": 4, "percent_covered": 75.0, "percent_covered_display": "75.00", "missing_lines": 1, "excluded_lines": 0, "percent_statements_covered": 75.0, "percent_statements_covered_display": "75.00"}, "missing_lines": [82], "excluded_lines": [], "start_line": 77}, "increment_likes": {"executed_lines": [89, 90, 91, 92], "summary": {"covered_lines": 4, "num_statements": 4, "percent_covered": 100.0, "percent_covered_display": "100.00", "missing_lines": 0, "excluded_lines": 0, "percent_statements_covered": 100.0, "percent_statements_covered_display": "100.00"}, "missing_lines": [], "excluded_lines": [], "start_line": 87}, "get_popular_posts": {"executed_lines": [98], "summary": {"covered_lines": 1, "num_statements": 1, "percent_covered": 100.0, "percent_covered_display": "100.00", "missing_lines": 0, "excluded_lines": 0, "percent_statements_covered": 100.0, "percent_statements_covered_display": "100.00"}, "missing_lines": [], "excluded_lines": [], "start_line": 96}, "get_related_posts": {"executed_lines": [104], "summary": {"covered_lines": 1, "num_statements": 1, "percent_covered": 100.0, "percent_covered_display": "100.00", "missing_lines": 0, "excluded_lines": 0, "percent_statements_covered": 100.0, "percent_statements_covered_display": "100.00"}, "missing_lines": [], "excluded_lines": [], "start_line": 102}, "": {"executed_lines": [1, 2, 4, 5, 6, 8, 11, 12, 41, 42, 49, 50, 51, 58, 59, 60, 67, 68, 69, 75, 76, 77, 85, 86, 87, 95, 96, 101, 102], "summary": {"covered_lines": 29, "num_statements": 29, "percent_covered": 100.0, "percent_covered_display": "100.00", "missing_lines": 0, "excluded_lines": 0, "percent_statements_covered": 100.0, "percent_statements_covered_display": "100.00"}, "missing_lines": [], "excluded_lines": [], "start_line": 1}}, "classes": {"": {"executed_lines": [1, 2, 4, 5, 6, 8, 11, 12, 19, 20, 28, 30, 41, 42, 43, 44, 45, 46, 49, 50, 51, 52, 53, 55, 58, 59, 60, 61, 62, 64, 67, 68, 69, 70, 71, 75, 76, 77, 79, 80, 81, 85, 86, 87, 89, 90, 91, 92, 95, 96, 98, 101, 102, 104], "summary": {"covered_lines": 54, "num_statements": 58, "percent_covered": 93.10344827586206, "percent_covered_display": "93.10", "missing_lines": 4, "excluded_lines": 0, "percent_statements_covered": 93.10344827586206, "percent_statements_covered_display": "93.10"}, "missing_lines": [54, 63, 72, 82], "excluded_lines": [], "start_line": 1}}}, "app/routers/rss.py": {"executed_lines": [1, 3, 4, 5, 7, 8, 9, 12, 15, 18, 28, 29, 30, 32, 34, 35, 45, 53, 65, 68, 69, 75, 77, 78, 79, 81, 83, 86, 87, 89, 91, 92, 93, 95, 96, 97, 98, 99, 108, 119, 123, 124, 126, 127, 128, 130, 132, 135, 142, 149, 156, 157, 158, 166, 167, 174, 175, 181, 186, 189, 190, 192, 194, 201], "summary": {"covered_lines": 64, "num_statements": 64, "percent_covered": 100.0, "percent_covered_display": "100.00", "missing_lines": 0, "excluded_lines": 0, "percent_statements_covered": 100.0, "percent_statements_covered_display": "100.00"}, "missing_lines": [], "excluded_lines": [], "functions": {"generate_rss_feed": {"executed_lines": [28, 29, 30, 32, 34, 35, 45, 53, 65], "summary": {"covered_lines": 9, "num_statements": 9, "percent_covered": 100.0, "percent_covered_display": "100.00", "missing_lines": 0, "excluded_lines": 0, "percent_statements_covered": 100.0, "percent_statements_covered_display": "100.00"}, "missing_lines": [], "excluded_lines": [], "start_line": 18}, "get_rss_feed": {"executed_lines": [75, 77, 78, 79, 81, 83], "summary": {"covered_lines": 6, "num_statements": 6, "percent_covered": 100.0, "percent_covered_display": "100.00", "missing_lines": 0, "excluded_lines": 0, "percent_statements_covered": 100.0, "percent_statements_covered_display": "100.00"}, "missing_lines": [], "excluded_lines": [], "start_line": 69}, "get_atom_feed": {"executed_lines": [89, 91, 92, 93, 95, 96, 97, 98, 99, 108, 119], "summary": {"covered_lines": 11, "num_statements": 11, "percent_covered": 100.0, "percent_covered_display": "100.00", "missing_lines": 0, "excluded_lines": 0, "percent_statements_covered": 100.0, "percent_statements_covered_display": "100.00"}, "missing_lines": [], "excluded_lines": [], "start_line": 87}, "get_sitemap": {"executed_lines": [126, 127, 128, 130, 132, 135, 142, 149, 156, 157, 158, 166, 167, 174, 175, 181, 186], "summary": {"covered_lines": 17, "num_statements": 17, "percent_covered": 100.0, "percent_covered_display": "100.00", "missing_lines": 0, "excluded_lines": 0, "percent_statements_covered": 100.0, "percent_statements_covered_display": "100.00"}, "missing_lines": [], "excluded_lines": [], "start_line": 124}, "get_robots_txt": {"executed_lines": [192, 194, 201], "summary": {"covered_lines": 3, "num_statements": 3, "percent_covered": 100.0, "percent_covered_display": "100.00", "missing_lines": 0, "excluded_lines": 0, "percent_statements_covered": 100.0, "percent_statements_covered_display": "100.00"}, "missing_lines": [], "excluded_lines": [], "start_line": 190}, "": {"executed_lines": [1, 3, 4, 5, 7, 8, 9, 12, 15, 18, 68, 69, 86, 87, 123, 124, 189, 190], "summary": {"covered_lines": 18, "num_statements": 18, "percent_covered": 100.0, "percent_covered_display": "100.00", "missing_lines": 0, "excluded_lines": 0, "percent_statements_covered": 100.0, "percent_statements_covered_display": "100.00"}, "missing_lines": [], "excluded_lines": [], "start_line": 1}}, "classes": {"": {"executed_lines": [1, 3, 4, 5, 7, 8, 9, 12, 15, 18, 28, 29, 30, 32, 34, 35, 45, 53, 65, 68, 69, 75, 77, 78, 79, 81, 83, 86, 87, 89, 91, 92, 93, 95, 96, 97, 98, 99, 108, 119, 123, 124, 126, 127, 128, 130, 132, 135, 142, 149, 156, 157, 158, 166, 167, 174, 175, 181, 186, 189, 190, 192, 194, 201], "summary": {"covered_lines": 64, "num_statements": 64, "percent_covered": 100.0, "percent_covered_display": "100.00", "missing_lines": 0, "excluded_lines": 0, "percent_statements_covered": 100.0, "percent_statements_covered_display": "100.00"}, "missing_lines": [], "excluded_lines": [], "start_line": 1}}}, "app/routers/search.py": {"executed_lines": [1, 2, 4, 5, 6, 7, 9, 12, 13, 14, 21, 23], "summary": {"covered_lines": 12, "num_statements": 12, "percent_covered": 100.0, "percent_covered_display": "100.00", "missing_lines": 0, "excluded_lines": 0, "percent_statements_covered": 100.0, "percent_statements_covered_display": "100.00"}, "missing_lines": [], "excluded_lines": [], "functions": {"search": {"executed_lines": [21, 23], "summary": {"covered_lines": 2, "num_statements": 2, "percent_covered": 100.0, "percent_covered_display": "100.00", "missing_lines": 0, "excluded_lines": 0, "percent_statements_covered": 100.0, "percent_statements_covered_display": "100.00"}, "missing_lines": [], "excluded_lines": [], "start_line": 14}, "": {"executed_lines": [1, 2, 4, 5, 6, 7, 9, 12, 13, 14], "summary": {"covered_lines": 10, "num_statements": 10, "percent_covered": 100.0, "percent_covered_display": "100.00", "missing_lines": 0, "excluded_lines": 0, "percent_statements_covered": 100.0, "percent_statements_covered_display": "100.00"}, "missing_lines": [], "excluded_lines": [], "start_line": 1}}, "classes": {"": {"executed_lines": [1, 2, 4, 5, 6, 7, 9, 12, 13, 14, 21, 23], "summary": {"covered_lines": 12, "num_statements": 12, "percent_covered": 100.0, "percent_covered_display": "100.00", "missing_lines": 0, "excluded_lines": 0, "percent_statements_covered": 100.0, "percent_statements_covered_display": "100.00"}, "missing_lines": [], "excluded_lines": [], "start_line": 1}}}, "app/routers/stats.py": {"executed_lines": [3, 4, 5, 6, 8, 9, 12, 23, 26, 27, 30, 33, 36, 39, 42, 45, 47], "summary": {"covered_lines": 17, "num_statements": 17, "percent_covered": 100.0, "percent_covered_display": "100.00", "missing_lines": 0, "excluded_lines": 0, "percent_statements_covered": 100.0, "percent_statements_covered_display": "100.00"}, "missing_lines": [], "excluded_lines": [], "functions": {"get_blog_stats": {"executed_lines": [30, 33, 36, 39, 42, 45, 47], "summary": {"covered_lines": 7, "num_statements": 7, "percent_covered": 100.0, "percent_covered_display": "100.00", "missing_lines": 0, "excluded_lines": 0, "percent_statements_covered": 100.0, "percent_statements_covered_display": "100.00"}, "missing_lines": [], "excluded_lines": [], "start_line": 27}, "": {"executed_lines": [3, 4, 5, 6, 8, 9, 12, 23, 26, 27], "summary": {"covered_lines": 10, "num_statements": 10, "percent_covered": 100.0, "percent_covered_display": "100.00", "missing_lines": 0, "excluded_lines": 0, "percent_statements_covered": 100.0, "percent_statements_covered_display": "100.00"}, "missing_lines": [], "excluded_lines": [], "start_line": 1}}, "classes": {"BlogStatsResponse": {"executed_lines": [], "summary": {"covered_lines": 0, "num_statements": 0, "percent_covered": 100.0, "percent_covered_display": "100.00", "missing_lines": 0, "excluded_lines": 0, "percent_statements_covered": 100.0, "percent_statements_covered_display": "100.00"}, "missing_lines": [], "excluded_lines": [], "start_line": 12}, "": {"executed_lines": [3, 4, 5, 6, 8, 9, 12, 23, 26, 27, 30, 33, 36, 39, 42, 45, 47], "summary": {"covered_lines": 17, "num_statements": 17, "percent_covered": 100.0, "percent_covered_display": "100.00", "missing_lines": 0, "excluded_lines": 0, "percent_statements_covered": 100.0, "percent_statements_covered_display": "100.00"}, "missing_lines": [], "excluded_lines": [], "start_line": 1}}}, "app/routers/tags.py": {"executed_lines": [1, 2, 4, 5, 7, 10, 11, 12, 15, 16, 17, 18, 19, 20, 23, 24, 25, 26, 28, 31, 32, 33, 34, 36, 39, 40, 41, 42], "summary": {"covered_lines": 28, "num_statements": 31, "percent_covered": 90.3225806451613, "percent_covered_display": "90.32", "missing_lines": 3, "excluded_lines": 0, "percent_statements_covered": 90.3225806451613, "percent_statements_covered_display": "90.32"}, "missing_lines": [27, 35, 43], "excluded_lines": [], "functions": {"list_tags": {"executed_lines": [12], "summary": {"covered_lines": 1, "num_statements": 1, "percent_covered": 100.0, "percent_covered_display": "100.00", "missing_lines": 0, "excluded_lines": 0, "percent_statements_covered": 100.0, "percent_statements_covered_display": "100.00"}, "missing_lines": [], "excluded_lines": [], "start_line": 11}, "get_tag": {"executed_lines": [17, 18, 19, 20], "summary": {"covered_lines": 4, "num_statements": 4, "percent_covered": 100.0, "percent_covered_display": "100.00", "missing_lines": 0, "excluded_lines": 0, "percent_statements_covered": 100.0, "percent_statements_covered_display": "100.00"}, "missing_lines": [], "excluded_lines": [], "start_line": 16}, "create_tag": {"executed_lines": [25, 26, 28], "summary": {"covered_lines": 3, "num_statements": 4, "percent_covered": 75.0, "percent_covered_display": "75.00", "missing_lines": 1, "excluded_lines": 0, "percent_statements_covered": 75.0, "percent_statements_covered_display": "75.00"}, "missing_lines": [27], "excluded_lines": [], "start_line": 24}, "update_tag": {"executed_lines": [33, 34, 36], "summary": {"covered_lines": 3, "num_statements": 4, "percent_covered": 75.0, "percent_covered_display": "75.00", "missing_lines": 1, "excluded_lines": 0, "percent_statements_covered": 75.0, "percent_statements_covered_display": "75.00"}, "missing_lines": [35], "excluded_lines": [], "start_line": 32}, "delete_tag": {"executed_lines": [41, 42], "summary": {"covered_lines": 2, "num_statements": 3, "percent_covered": 66.66666666666667, "percent_covered_display": "66.67", "missing_lines": 1, "excluded_lines": 0, "percent_statements_covered": 66.66666666666667, "percent_statements_covered_display": "66.67"}, "missing_lines": [43], "excluded_lines": [], "start_line": 40}, "": {"executed_lines": [1, 2, 4, 5, 7, 10, 11, 15, 16, 23, 24, 31, 32, 39, 40], "summary": {"covered_lines": 15, "num_statements": 15, "percent_covered": 100.0, "percent_covered_display": "100.00", "missing_lines": 0, "excluded_lines": 0, "percent_statements_covered": 100.0, "percent_statements_covered_display": "100.00"}, "missing_lines": [], "excluded_lines": [], "start_line": 1}}, "classes": {"": {"executed_lines": [1, 2, 4, 5, 7, 10, 11, 12, 15, 16, 17, 18, 19, 20, 23, 24, 25, 26, 28, 31, 32, 33, 34, 36, 39, 40, 41, 42], "summary": {"covered_lines": 28, "num_statements": 31, "percent_covered": 90.3225806451613, "percent_covered_display": "90.32", "missing_lines": 3, "excluded_lines": 0, "percent_statements_covered": 90.3225806451613, "percent_statements_covered_display": "90.32"}, "missing_lines": [27, 35, 43], "excluded_lines": [], "start_line": 1}}}, "app/routers/upload.py": {"executed_lines": [1, 2, 3, 5, 7, 9, 10, 12, 15, 16, 17, 18, 20, 21, 22, 24, 25, 27, 28, 29, 31, 32, 34], "summary": {"covered_lines": 23, "num_statements": 23, "percent_covered": 100.0, "percent_covered_display": "100.00", "missing_lines": 0, "excluded_lines": 0, "percent_statements_covered": 100.0, "percent_statements_covered_display": "100.00"}, "missing_lines": [], "excluded_lines": [], "functions": {"upload_image": {"executed_lines": [17, 18, 20, 21, 22, 24, 25, 27, 28, 29, 31, 32, 34], "summary": {"covered_lines": 13, "num_statements": 13, "percent_covered": 100.0, "percent_covered_display": "100.00", "missing_lines": 0, "excluded_lines": 0, "percent_statements_covered": 100.0, "percent_statements_covered_display": "100.00"}, "missing_lines": [], "excluded_lines": [], "start_line": 16}, "": {"executed_lines": [1, 2, 3, 5, 7, 9, 10, 12, 15, 16], "summary": {"covered_lines": 10, "num_statements": 10, "percent_covered": 100.0, "percent_covered_display": "100.00", "missing_lines": 0, "excluded_lines": 0, "percent_statements_covered": 100.0, "percent_statements_covered_display": "100.00"}, "missing_lines": [], "excluded_lines": [], "start_line": 1}}, "classes": {"": {"executed_lines": [1, 2, 3, 5, 7, 9, 10, 12, 15, 16, 17, 18, 20, 21, 22, 24, 25, 27, 28, 29, 31, 32, 34], "summary": {"covered_lines": 23, "num_statements": 23, "percent_covered": 100.0, "percent_covered_display": "100.00", "missing_lines": 0, "excluded_lines": 0, "percent_statements_covered": 100.0, "percent_statements_covered_display": "100.00"}, "missing_lines": [], "excluded_lines": [], "start_line": 1}}}, "app/schemas.py": {"executed_lines": [1, 3, 6, 10, 11, 14, 16, 19, 23, 24, 27, 29, 32, 36, 37, 38, 39, 40, 43, 44, 47, 48, 49, 50, 51, 52, 53, 54, 55, 58, 62, 63, 64, 65, 66, 69, 75, 77, 78, 79, 80, 81, 82, 85, 92, 97, 103, 104, 105, 108, 111, 113, 115], "summary": {"covered_lines": 53, "num_statements": 53, "percent_covered": 100.0, "percent_covered_display": "100.00", "missing_lines": 0, "excluded_lines": 0, "percent_statements_covered": 100.0, "percent_statements_covered_display": "100.00"}, "missing_lines": [], "excluded_lines": [], "functions": {"": {"executed_lines": [1, 3, 6, 10, 11, 14, 16, 19, 23, 24, 27, 29, 32, 36, 37, 38, 39, 40, 43, 44, 47, 48, 49, 50, 51, 52, 53, 54, 55, 58, 62, 63, 64, 65, 66, 69, 75, 77, 78, 79, 80, 81, 82, 85, 92, 97, 103, 104, 105, 108, 111, 113, 115], "summary": {"covered_lines": 53, "num_statements": 53, "percent_covered": 100.0, "percent_covered_display": "100.00", "missing_lines": 0, "excluded_lines": 0, "percent_statements_covered": 100.0, "percent_statements_covered_display": "100.00"}, "missing_lines": [], "excluded_lines": [], "start_line": 1}}, "classes": {"TagBase": {"executed_lines": [], "summary": {"covered_lines": 0, "num_statements": 0, "percent_covered": 100.0, "percent_covered_display": "100.00", "missing_lines": 0, "excluded_lines": 0, "percent_statements_covered": 100.0, "percent_statements_covered_display": "100.00"}, "missing_lines": [], "excluded_lines": [], "start_line": 6}, "TagCreate": {"executed_lines": [], "summary": {"covered_lines": 0, "num_statements": 0, "percent_covered": 100.0, "percent_covered_display": "100.00", "missing_lines": 0, "excluded_lines": 0, "percent_statements_covered": 100.0, "percent_statements_covered_display": "100.00"}, "missing_lines": [], "excluded_lines": [], "start_line": 10}, "Tag": {"executed_lines": [], "summary": {"covered_lines": 0, "num_statements": 0, "percent_covered": 100.0, "percent_covered_display": "100.00", "missing_lines": 0, "excluded_lines": 0, "percent_statements_covered": 100.0, "percent_statements_covered_display": "100.00"}, "missing_lines": [], "excluded_lines": [], "start_line": 14}, "CategoryBase": {"executed_lines": [], "summary": {"covered_lines": 0, "num_statements": 0, "percent_covered": 100.0, "percent_covered_display": "100.00", "missing_lines": 0, "excluded_lines": 0, "percent_statements_covered": 100.0, "percent_statements_covered_display": "100.00"}, "missing_lines": [], "excluded_lines": [], "start_line": 19}, "CategoryCreate": {"executed_lines": [], "summary": {"covered_lines": 0, "num_statements": 0, "percent_covered": 100.0, "percent_covered_display": "100.00", "missing_lines": 0, "excluded_lines": 0, "percent_statements_covered": 100.0, "percent_statements_covered_display": "100.00"}, "missing_lines": [], "excluded_lines": [], "start_line": 23}, "Category": {"executed_lines": [], "summary": {"covered_lines": 0, "num_statements": 0, "percent_covered": 100.0, "percent_covered_display": "100.00", "missing_lines": 0, "excluded_lines": 0, "percent_statements_covered": 100.0, "percent_statements_covered_display": "100.00"}, "missing_lines": [], "excluded_lines": [], "start_line": 27}, "PostBase": {"executed_lines": [], "summary": {"covered_lines": 0, "num_statements": 0, "percent_covered": 100.0, "percent_covered_display": "100.00", "missing_lines": 0, "excluded_lines": 0, "percent_statements_covered": 100.0, "percent_statements_covered_display": "100.00"}, "missing_lines": [], "excluded_lines": [], "start_line": 32}, "PostCreate": {"executed_lines": [], "summary": {"covered_lines": 0, "num_statements": 0, "percent_covered": 100.0, "percent_covered_display": "100.00", "missing_lines": 0, "excluded_lines": 0, "percent_statements_covered": 100.0, "percent_statements_covered_display": "100.00"}, "missing_lines": [], "excluded_lines": [], "start_line": 43}, "PostUpdate": {"executed_lines": [], "summary": {"covered_lines": 0, "num_statements": 0, "percent_covered": 100.0, "percent_covered_display": "100.00", "missing_lines": 0, "excluded_lines": 0, "percent_statements_covered": 100.0, "percent_statements_covered_display": "100.00"}, "missing_lines": [], "excluded_lines": [], "start_line": 47}, "Post": {"executed_lines": [], "summary": {"covered_lines": 0, "num_statements": 0, "percent_covered": 100.0, "percent_covered_display": "100.00", "missing_lines": 0, "excluded_lines": 0, "percent_statements_covered": 100.0, "percent_statements_covered_display": "100.00"}, "missing_lines": [], "excluded_lines": [], "start_line": 58}, "PostList": {"executed_lines": [], "summary": {"covered_lines": 0, "num_statements": 0, "percent_covered": 100.0, "percent_covered_display": "100.00", "missing_lines": 0, "excluded_lines": 0, "percent_statements_covered": 100.0, "percent_statements_covered_display": "100.00"}, "missing_lines": [], "excluded_lines": [], "start_line": 69}, "PaginationMeta": {"executed_lines": [], "summary": {"covered_lines": 0, "num_statements": 0, "percent_covered": 100.0, "percent_covered_display": "100.00", "missing_lines": 0, "excluded_lines": 0, "percent_statements_covered": 100.0, "percent_statements_covered_display": "100.00"}, "missing_lines": [], "excluded_lines": [], "start_line": 85}, "PostListResponse": {"executed_lines": [], "summary": {"covered_lines": 0, "num_statements": 0, "percent_covered": 100.0, "percent_covered_display": "100.00", "missing_lines": 0, "excluded_lines": 0, "percent_statements_covered": 100.0, "percent_statements_covered_display": "100.00"}, "missing_lines": [], "excluded_lines": [], "start_line": 92}, "CommentBase": {"executed_lines": [], "summary": {"covered_lines": 0, "num_statements": 0, "percent_covered": 100.0, "percent_covered_display": "100.00", "missing_lines": 0, "excluded_lines": 0, "percent_statements_covered": 100.0, "percent_statements_covered_display": "100.00"}, "missing_lines": [], "excluded_lines": [], "start_line": 97}, "CommentCreate": {"executed_lines": [], "summary": {"covered_lines": 0, "num_statements": 0, "percent_covered": 100.0, "percent_covered_display": "100.00", "missing_lines": 0, "excluded_lines": 0, "percent_statements_covered": 100.0, "percent_statements_covered_display": "100.00"}, "missing_lines": [], "excluded_lines": [], "start_line": 103}, "Comment": {"executed_lines": [], "summary": {"covered_lines": 0, "num_statements": 0, "percent_covered": 100.0, "percent_covered_display": "100.00", "missing_lines": 0, "excluded_lines": 0, "percent_statements_covered": 100.0, "percent_statements_covered_display": "100.00"}, "missing_lines": [], "excluded_lines": [], "start_line": 108}, "": {"executed_lines": [1, 3, 6, 10, 11, 14, 16, 19, 23, 24, 27, 29, 32, 36, 37, 38, 39, 40, 43, 44, 47, 48, 49, 50, 51, 52, 53, 54, 55, 58, 62, 63, 64, 65, 66, 69, 75, 77, 78, 79, 80, 81, 82, 85, 92, 97, 103, 104, 105, 108, 111, 113, 115], "summary": {"covered_lines": 53, "num_statements": 53, "percent_covered": 100.0, "percent_covered_display": "100.00", "missing_lines": 0, "excluded_lines": 0, "percent_statements_covered": 100.0, "percent_statements_covered_display": "100.00"}, "missing_lines": [], "excluded_lines": [], "start_line": 1}}}, "app/sentry.py": {"executed_lines": [3, 4, 5, 8], "summary": {"covered_lines": 4, "num_statements": 8, "percent_covered": 50.0, "percent_covered_display": "50.00", "missing_lines": 4, "excluded_lines": 0, "percent_statements_covered": 50.0, "percent_statements_covered_display": "50.00"}, "missing_lines": [13, 15, 16, 18], "excluded_lines": [], "functions": {"setup_sentry": {"executed_lines": [], "summary": {"covered_lines": 0, "num_statements": 4, "percent_covered": 0.0, "percent_covered_display": "0.00", "missing_lines": 4, "excluded_lines": 0, "percent_statements_covered": 0.0, "percent_statements_covered_display": "0.00"}, "missing_lines": [13, 15, 16, 18], "excluded_lines": [], "start_line": 8}, "": {"executed_lines": [3, 4, 5, 8], "summary": {"covered_lines": 4, "num_statements": 4, "percent_covered": 100.0, "percent_covered_display": "100.00", "missing_lines": 0, "excluded_lines": 0, "percent_statements_covered": 100.0, "percent_statements_covered_display": "100.00"}, "missing_lines": [], "excluded_lines": [], "start_line": 1}}, "classes": {"": {"executed_lines": [3, 4, 5, 8], "summary": {"covered_lines": 4, "num_statements": 8, "percent_covered": 50.0, "percent_covered_display": "50.00", "missing_lines": 4, "excluded_lines": 0, "percent_statements_covered": 50.0, "percent_statements_covered_display": "50.00"}, "missing_lines": [13, 15, 16, 18], "excluded_lines": [], "start_line": 1}}}}, "totals": {"covered_lines": 994, "num_statements": 1168, "percent_covered": 85.1027397260274, "percent_covered_display": "85.10", "missing_lines": 174, "excluded_lines": 4, "percent_statements_covered": 85.1027397260274, "percent_statements_covered_display": "85.10"}}
